[debug] [2020-07-08T07:48:41.021Z] ----------------------------------------------------------------------
[debug] [2020-07-08T07:48:41.023Z] Command:       /home/yakir/.nvm/versions/node/v12.10.0/bin/node /home/yakir/.nvm/versions/node/v12.10.0/bin/firebase serve --only functions
[debug] [2020-07-08T07:48:41.024Z] CLI Version:   8.4.3
[debug] [2020-07-08T07:48:41.024Z] Platform:      linux
[debug] [2020-07-08T07:48:41.024Z] Node Version:  v12.10.0
[debug] [2020-07-08T07:48:41.024Z] Time:          Wed Jul 08 2020 10:48:41 GMT+0300 (Israel Daylight Time)
[debug] [2020-07-08T07:48:41.024Z] ----------------------------------------------------------------------
[debug] [2020-07-08T07:48:41.024Z] 
[debug] [2020-07-08T07:48:41.031Z] > command requires scopes: ["email","openid","https://www.googleapis.com/auth/cloudplatformprojects.readonly","https://www.googleapis.com/auth/firebase","https://www.googleapis.com/auth/cloud-platform"]
[debug] [2020-07-08T07:48:41.032Z] > authorizing via signed-in user
[debug] [2020-07-08T07:48:41.032Z] [iam] checking project ivern-app for permissions ["firebase.projects.get"]
[debug] [2020-07-08T07:48:41.035Z] >>> HTTP REQUEST POST https://cloudresourcemanager.googleapis.com/v1/projects/ivern-app:testIamPermissions  
 {"permissions":["firebase.projects.get"]}
[debug] [2020-07-08T07:48:42.009Z] <<< HTTP RESPONSE 200 {"content-type":"application/json; charset=UTF-8","vary":"X-Origin, Referer, Origin,Accept-Encoding","date":"Wed, 08 Jul 2020 07:48:42 GMT","server":"ESF","cache-control":"private","x-xss-protection":"0","x-frame-options":"SAMEORIGIN","x-content-type-options":"nosniff","server-timing":"gfet4t7; dur=622","alt-svc":"h3-29=\":443\"; ma=2592000,h3-27=\":443\"; ma=2592000,h3-25=\":443\"; ma=2592000,h3-T050=\":443\"; ma=2592000,h3-Q050=\":443\"; ma=2592000,h3-Q046=\":443\"; ma=2592000,h3-Q043=\":443\"; ma=2592000,quic=\":443\"; ma=2592000; v=\"46,43\"","accept-ranges":"none","transfer-encoding":"chunked"}
[debug] [2020-07-08T07:48:42.011Z] >>> HTTP REQUEST GET https://firebase.googleapis.com/v1beta1/projects/ivern-app  
 
[debug] [2020-07-08T07:48:42.517Z] <<< HTTP RESPONSE 200 {"content-type":"application/json; charset=UTF-8","vary":"X-Origin, Referer, Origin,Accept-Encoding","date":"Wed, 08 Jul 2020 07:48:43 GMT","server":"ESF","cache-control":"private","x-xss-protection":"0","x-frame-options":"SAMEORIGIN","x-content-type-options":"nosniff","alt-svc":"h3-29=\":443\"; ma=2592000,h3-27=\":443\"; ma=2592000,h3-25=\":443\"; ma=2592000,h3-T050=\":443\"; ma=2592000,h3-Q050=\":443\"; ma=2592000,h3-Q046=\":443\"; ma=2592000,h3-Q043=\":443\"; ma=2592000,quic=\":443\"; ma=2592000; v=\"46,43\"","accept-ranges":"none","transfer-encoding":"chunked"}
[warn] ⚠  Your requested "node" version "10" doesn't match your global version "12" {"metadata":{"emulator":{"name":"functions"},"message":"Your requested \"node\" version \"10\" doesn't match your global version \"12\""}}
[info] i  functions: Watching "/home/yakir/Desktop/Web-Developing/ivern-app/functions" for Cloud Functions... {"metadata":{"emulator":{"name":"functions"},"message":"Watching \"/home/yakir/Desktop/Web-Developing/ivern-app/functions\" for Cloud Functions..."}}
[debug] [2020-07-08T07:48:42.553Z] [worker-pool] addWorker(~diagnostic~) {"metadata":{"emulator":{"name":"functions"},"message":"[worker-pool] addWorker(~diagnostic~)"}}
[debug] [2020-07-08T07:48:42.554Z] [worker-pool] Adding worker with key ~diagnostic~, total=1 {"metadata":{"emulator":{"name":"functions"},"message":"[worker-pool] Adding worker with key ~diagnostic~, total=1"}}
[debug] [2020-07-08T07:48:42.554Z] [worker-pool] submitWork(triggerId=) {"metadata":{"emulator":{"name":"functions"},"message":"[worker-pool] submitWork(triggerId=)"}}
[debug] [2020-07-08T07:48:42.555Z] [worker-~diagnostic~-2fe96528-c54d-4fc8-8de6-d58d88e6f7df]: Assigning socketPath: /tmp/fire_emu_11381.sock {"metadata":{"emulator":{"name":"functions"},"message":"[worker-~diagnostic~-2fe96528-c54d-4fc8-8de6-d58d88e6f7df]: Assigning socketPath: /tmp/fire_emu_11381.sock"}}
[debug] [2020-07-08T07:48:42.555Z] [worker-~diagnostic~-2fe96528-c54d-4fc8-8de6-d58d88e6f7df]: BUSY {"metadata":{"emulator":{"name":"functions"},"message":"[worker-~diagnostic~-2fe96528-c54d-4fc8-8de6-d58d88e6f7df]: BUSY"}}
[debug] [2020-07-08T07:48:42.804Z] [runtime-status] [11381] Functions runtime initialized. {"cwd":"/home/yakir/Desktop/Web-Developing/ivern-app/functions","node_version":"12.10.0"} {"metadata":{"emulator":{"name":"functions"},"message":"[runtime-status] [11381] Functions runtime initialized. {\"cwd\":\"/home/yakir/Desktop/Web-Developing/ivern-app/functions\",\"node_version\":\"12.10.0\"}"}}
[debug] [2020-07-08T07:48:42.805Z] [runtime-status] [11381] Disabled runtime features: undefined {"metadata":{"emulator":{"name":"functions"},"message":"[runtime-status] [11381] Disabled runtime features: undefined"}}
[debug] [2020-07-08T07:48:42.807Z] [runtime-status] [11381] Resolved module firebase-admin {"declared":true,"installed":true,"version":"8.13.0","resolution":"/home/yakir/Desktop/Web-Developing/ivern-app/functions/node_modules/firebase-admin/lib/index.js"} {"metadata":{"emulator":{"name":"functions"},"message":"[runtime-status] [11381] Resolved module firebase-admin {\"declared\":true,\"installed\":true,\"version\":\"8.13.0\",\"resolution\":\"/home/yakir/Desktop/Web-Developing/ivern-app/functions/node_modules/firebase-admin/lib/index.js\"}"}}
[debug] [2020-07-08T07:48:42.808Z] [runtime-status] [11381] Resolved module firebase-functions {"declared":true,"installed":true,"version":"3.7.0","resolution":"/home/yakir/Desktop/Web-Developing/ivern-app/functions/node_modules/firebase-functions/lib/index.js"} {"metadata":{"emulator":{"name":"functions"},"message":"[runtime-status] [11381] Resolved module firebase-functions {\"declared\":true,\"installed\":true,\"version\":\"3.7.0\",\"resolution\":\"/home/yakir/Desktop/Web-Developing/ivern-app/functions/node_modules/firebase-functions/lib/index.js\"}"}}
[debug] [2020-07-08T07:48:42.810Z] [runtime-status] [11381] Outgoing network have been stubbed. [{"name":"http","status":"mocked"},{"name":"http","status":"mocked"},{"name":"https","status":"mocked"},{"name":"https","status":"mocked"},{"name":"net","status":"mocked"}] {"metadata":{"emulator":{"name":"functions"},"message":"[runtime-status] [11381] Outgoing network have been stubbed. [{\"name\":\"http\",\"status\":\"mocked\"},{\"name\":\"http\",\"status\":\"mocked\"},{\"name\":\"https\",\"status\":\"mocked\"},{\"name\":\"https\",\"status\":\"mocked\"},{\"name\":\"net\",\"status\":\"mocked\"}]"}}
[debug] [2020-07-08T07:48:42.810Z] [runtime-status] [11381] Resolved module firebase-functions {"declared":true,"installed":true,"version":"3.7.0","resolution":"/home/yakir/Desktop/Web-Developing/ivern-app/functions/node_modules/firebase-functions/lib/index.js"} {"metadata":{"emulator":{"name":"functions"},"message":"[runtime-status] [11381] Resolved module firebase-functions {\"declared\":true,\"installed\":true,\"version\":\"3.7.0\",\"resolution\":\"/home/yakir/Desktop/Web-Developing/ivern-app/functions/node_modules/firebase-functions/lib/index.js\"}"}}
[debug] [2020-07-08T07:48:42.839Z] [runtime-status] [11381] Checked functions.config() {"config":{}} {"metadata":{"emulator":{"name":"functions"},"message":"[runtime-status] [11381] Checked functions.config() {\"config\":{}}"}}
[debug] [2020-07-08T07:48:42.839Z] [runtime-status] [11381] firebase-functions has been stubbed. {"functionsResolution":{"declared":true,"installed":true,"version":"3.7.0","resolution":"/home/yakir/Desktop/Web-Developing/ivern-app/functions/node_modules/firebase-functions/lib/index.js"}} {"metadata":{"emulator":{"name":"functions"},"message":"[runtime-status] [11381] firebase-functions has been stubbed. {\"functionsResolution\":{\"declared\":true,\"installed\":true,\"version\":\"3.7.0\",\"resolution\":\"/home/yakir/Desktop/Web-Developing/ivern-app/functions/node_modules/firebase-functions/lib/index.js\"}}"}}
[debug] [2020-07-08T07:48:42.839Z] [runtime-status] [11381] Resolved module firebase-functions {"declared":true,"installed":true,"version":"3.7.0","resolution":"/home/yakir/Desktop/Web-Developing/ivern-app/functions/node_modules/firebase-functions/lib/index.js"} {"metadata":{"emulator":{"name":"functions"},"message":"[runtime-status] [11381] Resolved module firebase-functions {\"declared\":true,\"installed\":true,\"version\":\"3.7.0\",\"resolution\":\"/home/yakir/Desktop/Web-Developing/ivern-app/functions/node_modules/firebase-functions/lib/index.js\"}"}}
[debug] [2020-07-08T07:48:42.840Z] [runtime-status] [11381] Resolved module firebase-admin {"declared":true,"installed":true,"version":"8.13.0","resolution":"/home/yakir/Desktop/Web-Developing/ivern-app/functions/node_modules/firebase-admin/lib/index.js"} {"metadata":{"emulator":{"name":"functions"},"message":"[runtime-status] [11381] Resolved module firebase-admin {\"declared\":true,\"installed\":true,\"version\":\"8.13.0\",\"resolution\":\"/home/yakir/Desktop/Web-Developing/ivern-app/functions/node_modules/firebase-admin/lib/index.js\"}"}}
[debug] [2020-07-08T07:48:42.840Z] [runtime-status] [11381] Resolved module firebase-functions {"declared":true,"installed":true,"version":"3.7.0","resolution":"/home/yakir/Desktop/Web-Developing/ivern-app/functions/node_modules/firebase-functions/lib/index.js"} {"metadata":{"emulator":{"name":"functions"},"message":"[runtime-status] [11381] Resolved module firebase-functions {\"declared\":true,\"installed\":true,\"version\":\"3.7.0\",\"resolution\":\"/home/yakir/Desktop/Web-Developing/ivern-app/functions/node_modules/firebase-functions/lib/index.js\"}"}}
[debug] [2020-07-08T07:48:42.841Z] [runtime-status] [11381] firebase-admin has been stubbed. {"adminResolution":{"declared":true,"installed":true,"version":"8.13.0","resolution":"/home/yakir/Desktop/Web-Developing/ivern-app/functions/node_modules/firebase-admin/lib/index.js"}} {"metadata":{"emulator":{"name":"functions"},"message":"[runtime-status] [11381] firebase-admin has been stubbed. {\"adminResolution\":{\"declared\":true,\"installed\":true,\"version\":\"8.13.0\",\"resolution\":\"/home/yakir/Desktop/Web-Developing/ivern-app/functions/node_modules/firebase-admin/lib/index.js\"}}"}}
[debug] [2020-07-08T07:48:42.988Z] [runtime-status] [11381] initializeApp(DEFAULT) {"databaseURL":"https://ivern-app.firebaseio.com","storageBucket":"ivern-app.appspot.com","projectId":"ivern-app"} {"metadata":{"emulator":{"name":"functions"},"message":"[runtime-status] [11381] initializeApp(DEFAULT) {\"databaseURL\":\"https://ivern-app.firebaseio.com\",\"storageBucket\":\"ivern-app.appspot.com\",\"projectId\":\"ivern-app\"}"}}
[warn] ⚠  functions: The Cloud Firestore emulator is not running, so calls to Firestore will affect production. {"metadata":{"emulator":{"name":"functions"},"message":"The Cloud Firestore emulator is not running, so calls to Firestore will affect production."}}
[info] ✔  functions[api]: http function initialized (http://localhost:5000/ivern-app/europe-west1/api). {"metadata":{"emulator":{"name":"functions"},"message":"\u001b[1mhttp\u001b[22m function initialized (http://localhost:5000/ivern-app/europe-west1/api)."}}
[debug] [2020-07-08T07:48:43.185Z] [worker-~diagnostic~-2fe96528-c54d-4fc8-8de6-d58d88e6f7df]: IDLE {"metadata":{"emulator":{"name":"functions"},"message":"[worker-~diagnostic~-2fe96528-c54d-4fc8-8de6-d58d88e6f7df]: IDLE"}}
[debug] [2020-07-08T07:49:05.708Z] [work-queue] {"queueLength":1,"workRunningCount":0}
[debug] [2020-07-08T07:49:05.708Z] [work-queue] {"queueLength":0,"workRunningCount":1}
[debug] [2020-07-08T07:49:05.709Z] Accepted request POST /ivern-app/europe-west1/api/signup --> api
[debug] [2020-07-08T07:49:05.717Z] [worker-pool] addWorker(api) {"metadata":{"emulator":{"name":"functions"},"message":"[worker-pool] addWorker(api)"}}
[debug] [2020-07-08T07:49:05.718Z] [worker-pool] Adding worker with key api, total=1 {"metadata":{"emulator":{"name":"functions"},"message":"[worker-pool] Adding worker with key api, total=1"}}
[debug] [2020-07-08T07:49:05.718Z] [worker-pool] submitWork(triggerId=api) {"metadata":{"emulator":{"name":"functions"},"message":"[worker-pool] submitWork(triggerId=api)"}}
[debug] [2020-07-08T07:49:05.718Z] [worker-api-6c33fd88-a97d-4615-bf47-3572a4e9f4b9]: Assigning socketPath: /tmp/fire_emu_11476.sock {"metadata":{"emulator":{"name":"functions"},"message":"[worker-api-6c33fd88-a97d-4615-bf47-3572a4e9f4b9]: Assigning socketPath: /tmp/fire_emu_11476.sock"}}
[debug] [2020-07-08T07:49:05.718Z] [worker-api-6c33fd88-a97d-4615-bf47-3572a4e9f4b9]: BUSY {"metadata":{"emulator":{"name":"functions"},"message":"[worker-api-6c33fd88-a97d-4615-bf47-3572a4e9f4b9]: BUSY"}}
[debug] [2020-07-08T07:49:05.956Z] [runtime-status] [11476] Functions runtime initialized. {"cwd":"/home/yakir/Desktop/Web-Developing/ivern-app/functions","node_version":"12.10.0"} {"metadata":{"emulator":{"name":"functions"},"function":{"name":"api"},"message":"[runtime-status] [11476] Functions runtime initialized. {\"cwd\":\"/home/yakir/Desktop/Web-Developing/ivern-app/functions\",\"node_version\":\"12.10.0\"}"}}
[debug] [2020-07-08T07:49:05.957Z] [runtime-status] [11476] Disabled runtime features: undefined {"metadata":{"emulator":{"name":"functions"},"function":{"name":"api"},"message":"[runtime-status] [11476] Disabled runtime features: undefined"}}
[debug] [2020-07-08T07:49:05.959Z] [runtime-status] [11476] Resolved module firebase-admin {"declared":true,"installed":true,"version":"8.13.0","resolution":"/home/yakir/Desktop/Web-Developing/ivern-app/functions/node_modules/firebase-admin/lib/index.js"} {"metadata":{"emulator":{"name":"functions"},"function":{"name":"api"},"message":"[runtime-status] [11476] Resolved module firebase-admin {\"declared\":true,\"installed\":true,\"version\":\"8.13.0\",\"resolution\":\"/home/yakir/Desktop/Web-Developing/ivern-app/functions/node_modules/firebase-admin/lib/index.js\"}"}}
[debug] [2020-07-08T07:49:05.960Z] [runtime-status] [11476] Resolved module firebase-functions {"declared":true,"installed":true,"version":"3.7.0","resolution":"/home/yakir/Desktop/Web-Developing/ivern-app/functions/node_modules/firebase-functions/lib/index.js"} {"metadata":{"emulator":{"name":"functions"},"function":{"name":"api"},"message":"[runtime-status] [11476] Resolved module firebase-functions {\"declared\":true,\"installed\":true,\"version\":\"3.7.0\",\"resolution\":\"/home/yakir/Desktop/Web-Developing/ivern-app/functions/node_modules/firebase-functions/lib/index.js\"}"}}
[debug] [2020-07-08T07:49:05.962Z] [runtime-status] [11476] Outgoing network have been stubbed. [{"name":"http","status":"mocked"},{"name":"http","status":"mocked"},{"name":"https","status":"mocked"},{"name":"https","status":"mocked"},{"name":"net","status":"mocked"}] {"metadata":{"emulator":{"name":"functions"},"function":{"name":"api"},"message":"[runtime-status] [11476] Outgoing network have been stubbed. [{\"name\":\"http\",\"status\":\"mocked\"},{\"name\":\"http\",\"status\":\"mocked\"},{\"name\":\"https\",\"status\":\"mocked\"},{\"name\":\"https\",\"status\":\"mocked\"},{\"name\":\"net\",\"status\":\"mocked\"}]"}}
[debug] [2020-07-08T07:49:05.963Z] [runtime-status] [11476] Resolved module firebase-functions {"declared":true,"installed":true,"version":"3.7.0","resolution":"/home/yakir/Desktop/Web-Developing/ivern-app/functions/node_modules/firebase-functions/lib/index.js"} {"metadata":{"emulator":{"name":"functions"},"function":{"name":"api"},"message":"[runtime-status] [11476] Resolved module firebase-functions {\"declared\":true,\"installed\":true,\"version\":\"3.7.0\",\"resolution\":\"/home/yakir/Desktop/Web-Developing/ivern-app/functions/node_modules/firebase-functions/lib/index.js\"}"}}
[debug] [2020-07-08T07:49:05.994Z] [runtime-status] [11476] Checked functions.config() {"config":{}} {"metadata":{"emulator":{"name":"functions"},"function":{"name":"api"},"message":"[runtime-status] [11476] Checked functions.config() {\"config\":{}}"}}
[debug] [2020-07-08T07:49:05.994Z] [runtime-status] [11476] firebase-functions has been stubbed. {"functionsResolution":{"declared":true,"installed":true,"version":"3.7.0","resolution":"/home/yakir/Desktop/Web-Developing/ivern-app/functions/node_modules/firebase-functions/lib/index.js"}} {"metadata":{"emulator":{"name":"functions"},"function":{"name":"api"},"message":"[runtime-status] [11476] firebase-functions has been stubbed. {\"functionsResolution\":{\"declared\":true,\"installed\":true,\"version\":\"3.7.0\",\"resolution\":\"/home/yakir/Desktop/Web-Developing/ivern-app/functions/node_modules/firebase-functions/lib/index.js\"}}"}}
[debug] [2020-07-08T07:49:05.994Z] [runtime-status] [11476] Resolved module firebase-functions {"declared":true,"installed":true,"version":"3.7.0","resolution":"/home/yakir/Desktop/Web-Developing/ivern-app/functions/node_modules/firebase-functions/lib/index.js"} {"metadata":{"emulator":{"name":"functions"},"function":{"name":"api"},"message":"[runtime-status] [11476] Resolved module firebase-functions {\"declared\":true,\"installed\":true,\"version\":\"3.7.0\",\"resolution\":\"/home/yakir/Desktop/Web-Developing/ivern-app/functions/node_modules/firebase-functions/lib/index.js\"}"}}
[debug] [2020-07-08T07:49:05.995Z] [runtime-status] [11476] Resolved module firebase-admin {"declared":true,"installed":true,"version":"8.13.0","resolution":"/home/yakir/Desktop/Web-Developing/ivern-app/functions/node_modules/firebase-admin/lib/index.js"} {"metadata":{"emulator":{"name":"functions"},"function":{"name":"api"},"message":"[runtime-status] [11476] Resolved module firebase-admin {\"declared\":true,\"installed\":true,\"version\":\"8.13.0\",\"resolution\":\"/home/yakir/Desktop/Web-Developing/ivern-app/functions/node_modules/firebase-admin/lib/index.js\"}"}}
[debug] [2020-07-08T07:49:05.995Z] [runtime-status] [11476] Resolved module firebase-functions {"declared":true,"installed":true,"version":"3.7.0","resolution":"/home/yakir/Desktop/Web-Developing/ivern-app/functions/node_modules/firebase-functions/lib/index.js"} {"metadata":{"emulator":{"name":"functions"},"function":{"name":"api"},"message":"[runtime-status] [11476] Resolved module firebase-functions {\"declared\":true,\"installed\":true,\"version\":\"3.7.0\",\"resolution\":\"/home/yakir/Desktop/Web-Developing/ivern-app/functions/node_modules/firebase-functions/lib/index.js\"}"}}
[debug] [2020-07-08T07:49:05.996Z] [runtime-status] [11476] firebase-admin has been stubbed. {"adminResolution":{"declared":true,"installed":true,"version":"8.13.0","resolution":"/home/yakir/Desktop/Web-Developing/ivern-app/functions/node_modules/firebase-admin/lib/index.js"}} {"metadata":{"emulator":{"name":"functions"},"function":{"name":"api"},"message":"[runtime-status] [11476] firebase-admin has been stubbed. {\"adminResolution\":{\"declared\":true,\"installed\":true,\"version\":\"8.13.0\",\"resolution\":\"/home/yakir/Desktop/Web-Developing/ivern-app/functions/node_modules/firebase-admin/lib/index.js\"}}"}}
[debug] [2020-07-08T07:49:06.158Z] [runtime-status] [11476] initializeApp(DEFAULT) {"databaseURL":"https://ivern-app.firebaseio.com","storageBucket":"ivern-app.appspot.com","projectId":"ivern-app"} {"metadata":{"emulator":{"name":"functions"},"function":{"name":"api"},"message":"[runtime-status] [11476] initializeApp(DEFAULT) {\"databaseURL\":\"https://ivern-app.firebaseio.com\",\"storageBucket\":\"ivern-app.appspot.com\",\"projectId\":\"ivern-app\"}"}}
[warn] ⚠  functions: The Cloud Firestore emulator is not running, so calls to Firestore will affect production. {"metadata":{"emulator":{"name":"functions"},"function":{"name":"api"},"message":"The Cloud Firestore emulator is not running, so calls to Firestore will affect production."}}
[debug] [2020-07-08T07:49:06.358Z] [runtime-status] [11476] Trigger "api" has been found, beginning invocation! {"metadata":{"emulator":{"name":"functions"},"function":{"name":"api"},"message":"[runtime-status] [11476] Trigger \"api\" has been found, beginning invocation!"}}
[info] i  functions: Beginning execution of "api" {"metadata":{"emulator":{"name":"functions"},"function":{"name":"api"},"message":"Beginning execution of \"api\""}}
[debug] [2020-07-08T07:49:06.358Z] [runtime-status] [11476] triggerDefinition {"regions":["europe-west1"],"httpsTrigger":{},"name":"api","entryPoint":"api"} {"metadata":{"emulator":{"name":"functions"},"function":{"name":"api"},"message":"[runtime-status] [11476] triggerDefinition {\"regions\":[\"europe-west1\"],\"httpsTrigger\":{},\"name\":\"api\",\"entryPoint\":\"api\"}"}}
[debug] [2020-07-08T07:49:06.358Z] [runtime-status] [11476] Running api in mode HTTPS {"metadata":{"emulator":{"name":"functions"},"function":{"name":"api"},"message":"[runtime-status] [11476] Running api in mode HTTPS"}}
[debug] [2020-07-08T07:49:06.362Z] [runtime-status] [11476] Attempting to listen to socketPath: /tmp/fire_emu_11476.sock {"metadata":{"emulator":{"name":"functions"},"function":{"name":"api"},"message":"[runtime-status] [11476] Attempting to listen to socketPath: /tmp/fire_emu_11476.sock"}}
[debug] [2020-07-08T07:49:06.367Z] [functions] Runtime ready! Sending request! {"metadata":{"emulator":{"name":"functions"},"message":"[functions] Runtime ready! Sending request!"}}
[debug] [2020-07-08T07:49:06.397Z] [runtime-status] [11476] Ephemeral server handling POST request {"metadata":{"emulator":{"name":"functions"},"function":{"name":"api"},"message":"[runtime-status] [11476] Ephemeral server handling POST request"}}
[debug] [2020-07-08T07:49:06.401Z] [runtime-status] [11476] Ephemeral server survived. {"metadata":{"emulator":{"name":"functions"},"function":{"name":"api"},"message":"[runtime-status] [11476] Ephemeral server survived."}}
[warn] ⚠  Google API requested!
   - URL: "https://oauth2.googleapis.com/token"
   - Be careful, this may be a production service. {"metadata":{"emulator":{"name":"functions"},"function":{"name":"api"},"message":"Google API requested!\n   - URL: \"https://oauth2.googleapis.com/token\"\n   - Be careful, this may be a production service."}}
[info] i  functions: Finished "api" in ~1s {"metadata":{"emulator":{"name":"functions"},"function":{"name":"api"},"message":"Finished \"api\" in ~1s"}}
[debug] [2020-07-08T07:49:08.352Z] [worker-api-6c33fd88-a97d-4615-bf47-3572a4e9f4b9]: IDLE {"metadata":{"emulator":{"name":"functions"},"message":"[worker-api-6c33fd88-a97d-4615-bf47-3572a4e9f4b9]: IDLE"}}
[debug] [2020-07-08T07:49:08.353Z] [work-queue] {"queueLength":0,"workRunningCount":0}
[debug] [2020-07-08T07:53:40.503Z] [work-queue] {"queueLength":1,"workRunningCount":0}
[debug] [2020-07-08T07:53:40.504Z] [work-queue] {"queueLength":0,"workRunningCount":1}
[debug] [2020-07-08T07:53:40.504Z] Accepted request POST /ivern-app/europe-west1/api/users/image --> api
[debug] [2020-07-08T07:53:40.504Z] [worker-pool] submitWork(triggerId=api) {"metadata":{"emulator":{"name":"functions"},"message":"[worker-pool] submitWork(triggerId=api)"}}
[debug] [2020-07-08T07:53:40.504Z] [worker-api-6c33fd88-a97d-4615-bf47-3572a4e9f4b9]: Assigning socketPath: /tmp/fire_emu_11476.sock {"metadata":{"emulator":{"name":"functions"},"message":"[worker-api-6c33fd88-a97d-4615-bf47-3572a4e9f4b9]: Assigning socketPath: /tmp/fire_emu_11476.sock"}}
[debug] [2020-07-08T07:53:40.505Z] [worker-api-6c33fd88-a97d-4615-bf47-3572a4e9f4b9]: BUSY {"metadata":{"emulator":{"name":"functions"},"message":"[worker-api-6c33fd88-a97d-4615-bf47-3572a4e9f4b9]: BUSY"}}
[debug] [2020-07-08T07:53:40.505Z] [runtime-status] [11476] Trigger "api" has been found, beginning invocation! {"metadata":{"emulator":{"name":"functions"},"function":{"name":"api"},"message":"[runtime-status] [11476] Trigger \"api\" has been found, beginning invocation!"}}
[info] i  functions: Beginning execution of "api" {"metadata":{"emulator":{"name":"functions"},"function":{"name":"api"},"message":"Beginning execution of \"api\""}}
[debug] [2020-07-08T07:53:40.506Z] [runtime-status] [11476] triggerDefinition {"regions":["europe-west1"],"httpsTrigger":{},"name":"api","entryPoint":"api"} {"metadata":{"emulator":{"name":"functions"},"function":{"name":"api"},"message":"[runtime-status] [11476] triggerDefinition {\"regions\":[\"europe-west1\"],\"httpsTrigger\":{},\"name\":\"api\",\"entryPoint\":\"api\"}"}}
[debug] [2020-07-08T07:53:40.507Z] [runtime-status] [11476] Running api in mode HTTPS {"metadata":{"emulator":{"name":"functions"},"function":{"name":"api"},"message":"[runtime-status] [11476] Running api in mode HTTPS"}}
[debug] [2020-07-08T07:53:40.507Z] [runtime-status] [11476] Attempting to listen to socketPath: /tmp/fire_emu_11476.sock {"metadata":{"emulator":{"name":"functions"},"function":{"name":"api"},"message":"[runtime-status] [11476] Attempting to listen to socketPath: /tmp/fire_emu_11476.sock"}}
[debug] [2020-07-08T07:53:40.509Z] [functions] Runtime ready! Sending request! {"metadata":{"emulator":{"name":"functions"},"message":"[functions] Runtime ready! Sending request!"}}
[debug] [2020-07-08T07:53:40.518Z] [runtime-status] [11476] Ephemeral server handling POST request {"metadata":{"emulator":{"name":"functions"},"function":{"name":"api"},"message":"[runtime-status] [11476] Ephemeral server handling POST request"}}
[debug] [2020-07-08T07:53:40.555Z] [runtime-status] [11476] Ephemeral server survived. {"metadata":{"emulator":{"name":"functions"},"function":{"name":"api"},"message":"[runtime-status] [11476] Ephemeral server survived."}}
[warn] ⚠  Google API requested!
   - URL: "https://storage.googleapis.com/upload/storage/v1/b/ivern-app.appspot.com/o?uploadType=multipart&name=9215299531.png"
   - Be careful, this may be a production service. {"metadata":{"emulator":{"name":"functions"},"function":{"name":"api"},"message":"Google API requested!\n   - URL: \"https://storage.googleapis.com/upload/storage/v1/b/ivern-app.appspot.com/o?uploadType=multipart&name=9215299531.png\"\n   - Be careful, this may be a production service."}}
[info] i  functions: Finished "api" in ~1s {"metadata":{"emulator":{"name":"functions"},"function":{"name":"api"},"message":"Finished \"api\" in ~1s"}}
[debug] [2020-07-08T07:53:42.434Z] [worker-api-6c33fd88-a97d-4615-bf47-3572a4e9f4b9]: IDLE {"metadata":{"emulator":{"name":"functions"},"message":"[worker-api-6c33fd88-a97d-4615-bf47-3572a4e9f4b9]: IDLE"}}
[debug] [2020-07-08T07:53:42.434Z] [work-queue] {"queueLength":0,"workRunningCount":0}
[debug] [2020-07-08T07:55:30.377Z] File /home/yakir/Desktop/Web-Developing/ivern-app/functions/src/index.ts changed, reloading triggers {"metadata":{"emulator":{"name":"functions"},"message":"File /home/yakir/Desktop/Web-Developing/ivern-app/functions/src/index.ts changed, reloading triggers"}}
[debug] [2020-07-08T07:55:31.379Z] [worker-pool] Shutting down IDLE worker (~diagnostic~) {"metadata":{"emulator":{"name":"functions"},"message":"[worker-pool] Shutting down IDLE worker (~diagnostic~)"}}
[debug] [2020-07-08T07:55:31.380Z] [worker-~diagnostic~-2fe96528-c54d-4fc8-8de6-d58d88e6f7df]: FINISHING {"metadata":{"emulator":{"name":"functions"},"message":"[worker-~diagnostic~-2fe96528-c54d-4fc8-8de6-d58d88e6f7df]: FINISHING"}}
[debug] [2020-07-08T07:55:31.381Z] [worker-pool] Shutting down IDLE worker (api) {"metadata":{"emulator":{"name":"functions"},"message":"[worker-pool] Shutting down IDLE worker (api)"}}
[debug] [2020-07-08T07:55:31.381Z] [worker-api-6c33fd88-a97d-4615-bf47-3572a4e9f4b9]: FINISHING {"metadata":{"emulator":{"name":"functions"},"message":"[worker-api-6c33fd88-a97d-4615-bf47-3572a4e9f4b9]: FINISHING"}}
[debug] [2020-07-08T07:55:31.405Z] [worker-pool] addWorker(~diagnostic~) {"metadata":{"emulator":{"name":"functions"},"message":"[worker-pool] addWorker(~diagnostic~)"}}
[debug] [2020-07-08T07:55:31.406Z] [worker-pool] Adding worker with key ~diagnostic~, total=2 {"metadata":{"emulator":{"name":"functions"},"message":"[worker-pool] Adding worker with key ~diagnostic~, total=2"}}
[debug] [2020-07-08T07:55:31.406Z] [worker-pool] submitWork(triggerId=) {"metadata":{"emulator":{"name":"functions"},"message":"[worker-pool] submitWork(triggerId=)"}}
[debug] [2020-07-08T07:55:31.407Z] [worker-~diagnostic~-405a926d-f64d-4683-952b-835611f1bc08]: Assigning socketPath: /tmp/fire_emu_12995.sock {"metadata":{"emulator":{"name":"functions"},"message":"[worker-~diagnostic~-405a926d-f64d-4683-952b-835611f1bc08]: Assigning socketPath: /tmp/fire_emu_12995.sock"}}
[debug] [2020-07-08T07:55:31.407Z] [worker-~diagnostic~-405a926d-f64d-4683-952b-835611f1bc08]: BUSY {"metadata":{"emulator":{"name":"functions"},"message":"[worker-~diagnostic~-405a926d-f64d-4683-952b-835611f1bc08]: BUSY"}}
[debug] [2020-07-08T07:55:31.410Z] [worker-~diagnostic~-2fe96528-c54d-4fc8-8de6-d58d88e6f7df]: exited {"metadata":{"emulator":{"name":"functions"},"message":"[worker-~diagnostic~-2fe96528-c54d-4fc8-8de6-d58d88e6f7df]: exited"}}
[debug] [2020-07-08T07:55:31.410Z] [worker-~diagnostic~-2fe96528-c54d-4fc8-8de6-d58d88e6f7df]: FINISHED {"metadata":{"emulator":{"name":"functions"},"message":"[worker-~diagnostic~-2fe96528-c54d-4fc8-8de6-d58d88e6f7df]: FINISHED"}}
[debug] [2020-07-08T07:55:31.411Z] [worker-api-6c33fd88-a97d-4615-bf47-3572a4e9f4b9]: exited {"metadata":{"emulator":{"name":"functions"},"message":"[worker-api-6c33fd88-a97d-4615-bf47-3572a4e9f4b9]: exited"}}
[debug] [2020-07-08T07:55:31.411Z] [worker-api-6c33fd88-a97d-4615-bf47-3572a4e9f4b9]: FINISHED {"metadata":{"emulator":{"name":"functions"},"message":"[worker-api-6c33fd88-a97d-4615-bf47-3572a4e9f4b9]: FINISHED"}}
[debug] [2020-07-08T07:55:31.699Z] [runtime-status] [12995] Functions runtime initialized. {"cwd":"/home/yakir/Desktop/Web-Developing/ivern-app/functions","node_version":"12.10.0"} {"metadata":{"emulator":{"name":"functions"},"message":"[runtime-status] [12995] Functions runtime initialized. {\"cwd\":\"/home/yakir/Desktop/Web-Developing/ivern-app/functions\",\"node_version\":\"12.10.0\"}"}}
[debug] [2020-07-08T07:55:31.700Z] [runtime-status] [12995] Disabled runtime features: undefined {"metadata":{"emulator":{"name":"functions"},"message":"[runtime-status] [12995] Disabled runtime features: undefined"}}
[debug] [2020-07-08T07:55:31.702Z] [runtime-status] [12995] Resolved module firebase-admin {"declared":true,"installed":true,"version":"8.13.0","resolution":"/home/yakir/Desktop/Web-Developing/ivern-app/functions/node_modules/firebase-admin/lib/index.js"} {"metadata":{"emulator":{"name":"functions"},"message":"[runtime-status] [12995] Resolved module firebase-admin {\"declared\":true,\"installed\":true,\"version\":\"8.13.0\",\"resolution\":\"/home/yakir/Desktop/Web-Developing/ivern-app/functions/node_modules/firebase-admin/lib/index.js\"}"}}
[debug] [2020-07-08T07:55:31.703Z] [runtime-status] [12995] Resolved module firebase-functions {"declared":true,"installed":true,"version":"3.7.0","resolution":"/home/yakir/Desktop/Web-Developing/ivern-app/functions/node_modules/firebase-functions/lib/index.js"} {"metadata":{"emulator":{"name":"functions"},"message":"[runtime-status] [12995] Resolved module firebase-functions {\"declared\":true,\"installed\":true,\"version\":\"3.7.0\",\"resolution\":\"/home/yakir/Desktop/Web-Developing/ivern-app/functions/node_modules/firebase-functions/lib/index.js\"}"}}
[debug] [2020-07-08T07:55:31.708Z] [runtime-status] [12995] Outgoing network have been stubbed. [{"name":"http","status":"mocked"},{"name":"http","status":"mocked"},{"name":"https","status":"mocked"},{"name":"https","status":"mocked"},{"name":"net","status":"mocked"}] {"metadata":{"emulator":{"name":"functions"},"message":"[runtime-status] [12995] Outgoing network have been stubbed. [{\"name\":\"http\",\"status\":\"mocked\"},{\"name\":\"http\",\"status\":\"mocked\"},{\"name\":\"https\",\"status\":\"mocked\"},{\"name\":\"https\",\"status\":\"mocked\"},{\"name\":\"net\",\"status\":\"mocked\"}]"}}
[debug] [2020-07-08T07:55:31.709Z] [runtime-status] [12995] Resolved module firebase-functions {"declared":true,"installed":true,"version":"3.7.0","resolution":"/home/yakir/Desktop/Web-Developing/ivern-app/functions/node_modules/firebase-functions/lib/index.js"} {"metadata":{"emulator":{"name":"functions"},"message":"[runtime-status] [12995] Resolved module firebase-functions {\"declared\":true,\"installed\":true,\"version\":\"3.7.0\",\"resolution\":\"/home/yakir/Desktop/Web-Developing/ivern-app/functions/node_modules/firebase-functions/lib/index.js\"}"}}
[debug] [2020-07-08T07:55:31.738Z] [runtime-status] [12995] Checked functions.config() {"config":{}} {"metadata":{"emulator":{"name":"functions"},"message":"[runtime-status] [12995] Checked functions.config() {\"config\":{}}"}}
[debug] [2020-07-08T07:55:31.738Z] [runtime-status] [12995] firebase-functions has been stubbed. {"functionsResolution":{"declared":true,"installed":true,"version":"3.7.0","resolution":"/home/yakir/Desktop/Web-Developing/ivern-app/functions/node_modules/firebase-functions/lib/index.js"}} {"metadata":{"emulator":{"name":"functions"},"message":"[runtime-status] [12995] firebase-functions has been stubbed. {\"functionsResolution\":{\"declared\":true,\"installed\":true,\"version\":\"3.7.0\",\"resolution\":\"/home/yakir/Desktop/Web-Developing/ivern-app/functions/node_modules/firebase-functions/lib/index.js\"}}"}}
[debug] [2020-07-08T07:55:31.739Z] [runtime-status] [12995] Resolved module firebase-functions {"declared":true,"installed":true,"version":"3.7.0","resolution":"/home/yakir/Desktop/Web-Developing/ivern-app/functions/node_modules/firebase-functions/lib/index.js"} {"metadata":{"emulator":{"name":"functions"},"message":"[runtime-status] [12995] Resolved module firebase-functions {\"declared\":true,\"installed\":true,\"version\":\"3.7.0\",\"resolution\":\"/home/yakir/Desktop/Web-Developing/ivern-app/functions/node_modules/firebase-functions/lib/index.js\"}"}}
[debug] [2020-07-08T07:55:31.740Z] [runtime-status] [12995] Resolved module firebase-admin {"declared":true,"installed":true,"version":"8.13.0","resolution":"/home/yakir/Desktop/Web-Developing/ivern-app/functions/node_modules/firebase-admin/lib/index.js"} {"metadata":{"emulator":{"name":"functions"},"message":"[runtime-status] [12995] Resolved module firebase-admin {\"declared\":true,\"installed\":true,\"version\":\"8.13.0\",\"resolution\":\"/home/yakir/Desktop/Web-Developing/ivern-app/functions/node_modules/firebase-admin/lib/index.js\"}"}}
[debug] [2020-07-08T07:55:31.740Z] [runtime-status] [12995] Resolved module firebase-functions {"declared":true,"installed":true,"version":"3.7.0","resolution":"/home/yakir/Desktop/Web-Developing/ivern-app/functions/node_modules/firebase-functions/lib/index.js"} {"metadata":{"emulator":{"name":"functions"},"message":"[runtime-status] [12995] Resolved module firebase-functions {\"declared\":true,\"installed\":true,\"version\":\"3.7.0\",\"resolution\":\"/home/yakir/Desktop/Web-Developing/ivern-app/functions/node_modules/firebase-functions/lib/index.js\"}"}}
[debug] [2020-07-08T07:55:31.740Z] [runtime-status] [12995] firebase-admin has been stubbed. {"adminResolution":{"declared":true,"installed":true,"version":"8.13.0","resolution":"/home/yakir/Desktop/Web-Developing/ivern-app/functions/node_modules/firebase-admin/lib/index.js"}} {"metadata":{"emulator":{"name":"functions"},"message":"[runtime-status] [12995] firebase-admin has been stubbed. {\"adminResolution\":{\"declared\":true,\"installed\":true,\"version\":\"8.13.0\",\"resolution\":\"/home/yakir/Desktop/Web-Developing/ivern-app/functions/node_modules/firebase-admin/lib/index.js\"}}"}}
[debug] [2020-07-08T07:55:31.899Z] [runtime-status] [12995] initializeApp(DEFAULT) {"databaseURL":"https://ivern-app.firebaseio.com","storageBucket":"ivern-app.appspot.com","projectId":"ivern-app"} {"metadata":{"emulator":{"name":"functions"},"message":"[runtime-status] [12995] initializeApp(DEFAULT) {\"databaseURL\":\"https://ivern-app.firebaseio.com\",\"storageBucket\":\"ivern-app.appspot.com\",\"projectId\":\"ivern-app\"}"}}
[warn] ⚠  functions: The Cloud Firestore emulator is not running, so calls to Firestore will affect production. {"metadata":{"emulator":{"name":"functions"},"message":"The Cloud Firestore emulator is not running, so calls to Firestore will affect production."}}
[debug] [2020-07-08T07:55:32.076Z] [worker-~diagnostic~-405a926d-f64d-4683-952b-835611f1bc08]: IDLE {"metadata":{"emulator":{"name":"functions"},"message":"[worker-~diagnostic~-405a926d-f64d-4683-952b-835611f1bc08]: IDLE"}}
[debug] [2020-07-08T07:55:47.816Z] [work-queue] {"queueLength":1,"workRunningCount":0}
[debug] [2020-07-08T07:55:47.817Z] [work-queue] {"queueLength":0,"workRunningCount":1}
[debug] [2020-07-08T07:55:47.817Z] Accepted request POST /ivern-app/europe-west1/api/users/image --> api
[debug] [2020-07-08T07:55:47.817Z] [worker-pool] Cleaned up workers for ~diagnostic~: 2 --> 1 {"metadata":{"emulator":{"name":"functions"},"message":"[worker-pool] Cleaned up workers for ~diagnostic~: 2 --> 1"}}
[debug] [2020-07-08T07:55:47.817Z] [worker-pool] Cleaned up workers for api: 1 --> 0 {"metadata":{"emulator":{"name":"functions"},"message":"[worker-pool] Cleaned up workers for api: 1 --> 0"}}
[debug] [2020-07-08T07:55:47.822Z] [worker-pool] addWorker(api) {"metadata":{"emulator":{"name":"functions"},"message":"[worker-pool] addWorker(api)"}}
[debug] [2020-07-08T07:55:47.822Z] [worker-pool] Adding worker with key api, total=1 {"metadata":{"emulator":{"name":"functions"},"message":"[worker-pool] Adding worker with key api, total=1"}}
[debug] [2020-07-08T07:55:47.822Z] [worker-pool] submitWork(triggerId=api) {"metadata":{"emulator":{"name":"functions"},"message":"[worker-pool] submitWork(triggerId=api)"}}
[debug] [2020-07-08T07:55:47.822Z] [worker-api-7731fe48-da7c-4e68-a46e-e8d0b94209a7]: Assigning socketPath: /tmp/fire_emu_13055.sock {"metadata":{"emulator":{"name":"functions"},"message":"[worker-api-7731fe48-da7c-4e68-a46e-e8d0b94209a7]: Assigning socketPath: /tmp/fire_emu_13055.sock"}}
[debug] [2020-07-08T07:55:47.822Z] [worker-api-7731fe48-da7c-4e68-a46e-e8d0b94209a7]: BUSY {"metadata":{"emulator":{"name":"functions"},"message":"[worker-api-7731fe48-da7c-4e68-a46e-e8d0b94209a7]: BUSY"}}
[debug] [2020-07-08T07:55:48.061Z] [runtime-status] [13055] Functions runtime initialized. {"cwd":"/home/yakir/Desktop/Web-Developing/ivern-app/functions","node_version":"12.10.0"} {"metadata":{"emulator":{"name":"functions"},"function":{"name":"api"},"message":"[runtime-status] [13055] Functions runtime initialized. {\"cwd\":\"/home/yakir/Desktop/Web-Developing/ivern-app/functions\",\"node_version\":\"12.10.0\"}"}}
[debug] [2020-07-08T07:55:48.063Z] [runtime-status] [13055] Disabled runtime features: undefined {"metadata":{"emulator":{"name":"functions"},"function":{"name":"api"},"message":"[runtime-status] [13055] Disabled runtime features: undefined"}}
[debug] [2020-07-08T07:55:48.065Z] [runtime-status] [13055] Resolved module firebase-admin {"declared":true,"installed":true,"version":"8.13.0","resolution":"/home/yakir/Desktop/Web-Developing/ivern-app/functions/node_modules/firebase-admin/lib/index.js"} {"metadata":{"emulator":{"name":"functions"},"function":{"name":"api"},"message":"[runtime-status] [13055] Resolved module firebase-admin {\"declared\":true,\"installed\":true,\"version\":\"8.13.0\",\"resolution\":\"/home/yakir/Desktop/Web-Developing/ivern-app/functions/node_modules/firebase-admin/lib/index.js\"}"}}
[debug] [2020-07-08T07:55:48.068Z] [runtime-status] [13055] Resolved module firebase-functions {"declared":true,"installed":true,"version":"3.7.0","resolution":"/home/yakir/Desktop/Web-Developing/ivern-app/functions/node_modules/firebase-functions/lib/index.js"} {"metadata":{"emulator":{"name":"functions"},"function":{"name":"api"},"message":"[runtime-status] [13055] Resolved module firebase-functions {\"declared\":true,\"installed\":true,\"version\":\"3.7.0\",\"resolution\":\"/home/yakir/Desktop/Web-Developing/ivern-app/functions/node_modules/firebase-functions/lib/index.js\"}"}}
[debug] [2020-07-08T07:55:48.069Z] [runtime-status] [13055] Outgoing network have been stubbed. [{"name":"http","status":"mocked"},{"name":"http","status":"mocked"},{"name":"https","status":"mocked"},{"name":"https","status":"mocked"},{"name":"net","status":"mocked"}] {"metadata":{"emulator":{"name":"functions"},"function":{"name":"api"},"message":"[runtime-status] [13055] Outgoing network have been stubbed. [{\"name\":\"http\",\"status\":\"mocked\"},{\"name\":\"http\",\"status\":\"mocked\"},{\"name\":\"https\",\"status\":\"mocked\"},{\"name\":\"https\",\"status\":\"mocked\"},{\"name\":\"net\",\"status\":\"mocked\"}]"}}
[debug] [2020-07-08T07:55:48.070Z] [runtime-status] [13055] Resolved module firebase-functions {"declared":true,"installed":true,"version":"3.7.0","resolution":"/home/yakir/Desktop/Web-Developing/ivern-app/functions/node_modules/firebase-functions/lib/index.js"} {"metadata":{"emulator":{"name":"functions"},"function":{"name":"api"},"message":"[runtime-status] [13055] Resolved module firebase-functions {\"declared\":true,\"installed\":true,\"version\":\"3.7.0\",\"resolution\":\"/home/yakir/Desktop/Web-Developing/ivern-app/functions/node_modules/firebase-functions/lib/index.js\"}"}}
[debug] [2020-07-08T07:55:48.102Z] [runtime-status] [13055] Checked functions.config() {"config":{}} {"metadata":{"emulator":{"name":"functions"},"function":{"name":"api"},"message":"[runtime-status] [13055] Checked functions.config() {\"config\":{}}"}}
[debug] [2020-07-08T07:55:48.103Z] [runtime-status] [13055] firebase-functions has been stubbed. {"functionsResolution":{"declared":true,"installed":true,"version":"3.7.0","resolution":"/home/yakir/Desktop/Web-Developing/ivern-app/functions/node_modules/firebase-functions/lib/index.js"}} {"metadata":{"emulator":{"name":"functions"},"function":{"name":"api"},"message":"[runtime-status] [13055] firebase-functions has been stubbed. {\"functionsResolution\":{\"declared\":true,\"installed\":true,\"version\":\"3.7.0\",\"resolution\":\"/home/yakir/Desktop/Web-Developing/ivern-app/functions/node_modules/firebase-functions/lib/index.js\"}}"}}
[debug] [2020-07-08T07:55:48.103Z] [runtime-status] [13055] Resolved module firebase-functions {"declared":true,"installed":true,"version":"3.7.0","resolution":"/home/yakir/Desktop/Web-Developing/ivern-app/functions/node_modules/firebase-functions/lib/index.js"} {"metadata":{"emulator":{"name":"functions"},"function":{"name":"api"},"message":"[runtime-status] [13055] Resolved module firebase-functions {\"declared\":true,\"installed\":true,\"version\":\"3.7.0\",\"resolution\":\"/home/yakir/Desktop/Web-Developing/ivern-app/functions/node_modules/firebase-functions/lib/index.js\"}"}}
[debug] [2020-07-08T07:55:48.104Z] [runtime-status] [13055] Resolved module firebase-admin {"declared":true,"installed":true,"version":"8.13.0","resolution":"/home/yakir/Desktop/Web-Developing/ivern-app/functions/node_modules/firebase-admin/lib/index.js"} {"metadata":{"emulator":{"name":"functions"},"function":{"name":"api"},"message":"[runtime-status] [13055] Resolved module firebase-admin {\"declared\":true,\"installed\":true,\"version\":\"8.13.0\",\"resolution\":\"/home/yakir/Desktop/Web-Developing/ivern-app/functions/node_modules/firebase-admin/lib/index.js\"}"}}
[debug] [2020-07-08T07:55:48.105Z] [runtime-status] [13055] Resolved module firebase-functions {"declared":true,"installed":true,"version":"3.7.0","resolution":"/home/yakir/Desktop/Web-Developing/ivern-app/functions/node_modules/firebase-functions/lib/index.js"} {"metadata":{"emulator":{"name":"functions"},"function":{"name":"api"},"message":"[runtime-status] [13055] Resolved module firebase-functions {\"declared\":true,\"installed\":true,\"version\":\"3.7.0\",\"resolution\":\"/home/yakir/Desktop/Web-Developing/ivern-app/functions/node_modules/firebase-functions/lib/index.js\"}"}}
[debug] [2020-07-08T07:55:48.105Z] [runtime-status] [13055] firebase-admin has been stubbed. {"adminResolution":{"declared":true,"installed":true,"version":"8.13.0","resolution":"/home/yakir/Desktop/Web-Developing/ivern-app/functions/node_modules/firebase-admin/lib/index.js"}} {"metadata":{"emulator":{"name":"functions"},"function":{"name":"api"},"message":"[runtime-status] [13055] firebase-admin has been stubbed. {\"adminResolution\":{\"declared\":true,\"installed\":true,\"version\":\"8.13.0\",\"resolution\":\"/home/yakir/Desktop/Web-Developing/ivern-app/functions/node_modules/firebase-admin/lib/index.js\"}}"}}
[debug] [2020-07-08T07:55:48.284Z] [runtime-status] [13055] initializeApp(DEFAULT) {"databaseURL":"https://ivern-app.firebaseio.com","storageBucket":"ivern-app.appspot.com","projectId":"ivern-app"} {"metadata":{"emulator":{"name":"functions"},"function":{"name":"api"},"message":"[runtime-status] [13055] initializeApp(DEFAULT) {\"databaseURL\":\"https://ivern-app.firebaseio.com\",\"storageBucket\":\"ivern-app.appspot.com\",\"projectId\":\"ivern-app\"}"}}
[warn] ⚠  functions: The Cloud Firestore emulator is not running, so calls to Firestore will affect production. {"metadata":{"emulator":{"name":"functions"},"function":{"name":"api"},"message":"The Cloud Firestore emulator is not running, so calls to Firestore will affect production."}}
[debug] [2020-07-08T07:55:48.483Z] [runtime-status] [13055] Trigger "api" has been found, beginning invocation! {"metadata":{"emulator":{"name":"functions"},"function":{"name":"api"},"message":"[runtime-status] [13055] Trigger \"api\" has been found, beginning invocation!"}}
[info] i  functions: Beginning execution of "api" {"metadata":{"emulator":{"name":"functions"},"function":{"name":"api"},"message":"Beginning execution of \"api\""}}
[debug] [2020-07-08T07:55:48.484Z] [runtime-status] [13055] triggerDefinition {"regions":["europe-west1"],"httpsTrigger":{},"name":"api","entryPoint":"api"} {"metadata":{"emulator":{"name":"functions"},"function":{"name":"api"},"message":"[runtime-status] [13055] triggerDefinition {\"regions\":[\"europe-west1\"],\"httpsTrigger\":{},\"name\":\"api\",\"entryPoint\":\"api\"}"}}
[debug] [2020-07-08T07:55:48.484Z] [runtime-status] [13055] Running api in mode HTTPS {"metadata":{"emulator":{"name":"functions"},"function":{"name":"api"},"message":"[runtime-status] [13055] Running api in mode HTTPS"}}
[debug] [2020-07-08T07:55:48.488Z] [runtime-status] [13055] Attempting to listen to socketPath: /tmp/fire_emu_13055.sock {"metadata":{"emulator":{"name":"functions"},"function":{"name":"api"},"message":"[runtime-status] [13055] Attempting to listen to socketPath: /tmp/fire_emu_13055.sock"}}
[debug] [2020-07-08T07:55:48.490Z] [functions] Runtime ready! Sending request! {"metadata":{"emulator":{"name":"functions"},"message":"[functions] Runtime ready! Sending request!"}}
[debug] [2020-07-08T07:55:48.502Z] [runtime-status] [13055] Ephemeral server handling POST request {"metadata":{"emulator":{"name":"functions"},"function":{"name":"api"},"message":"[runtime-status] [13055] Ephemeral server handling POST request"}}
[debug] [2020-07-08T07:55:48.546Z] [runtime-status] [13055] Ephemeral server survived. {"metadata":{"emulator":{"name":"functions"},"function":{"name":"api"},"message":"[runtime-status] [13055] Ephemeral server survived."}}
[warn] ⚠  Google API requested!
   - URL: "https://oauth2.googleapis.com/token"
   - Be careful, this may be a production service. {"metadata":{"emulator":{"name":"functions"},"function":{"name":"api"},"message":"Google API requested!\n   - URL: \"https://oauth2.googleapis.com/token\"\n   - Be careful, this may be a production service."}}
[warn] ⚠  functions: Your function timed out after ~60s. To configure this timeout, see
      https://firebase.google.com/docs/functions/manage-functions#set_timeout_and_memory_allocation. {"metadata":{"emulator":{"name":"functions"},"function":{"name":"api"},"message":"Your function timed out after ~60s. To configure this timeout, see\n      https://firebase.google.com/docs/functions/manage-functions#set_timeout_and_memory_allocation."}}
[info] >  /home/yakir/.nvm/versions/node/v12.10.0/lib/node_modules/firebase-tools/lib/emulator/functionsEmulatorRuntime.js:622 {"user":"/home/yakir/.nvm/versions/node/v12.10.0/lib/node_modules/firebase-tools/lib/emulator/functionsEmulatorRuntime.js:622","metadata":{"emulator":{"name":"functions"},"function":{"name":"api"},"message":"\u001b[90m> \u001b[39m /home/yakir/.nvm/versions/node/v12.10.0/lib/node_modules/firebase-tools/lib/emulator/functionsEmulatorRuntime.js:622"}}
[info] >                  throw new Error("Function timed out."); {"user":"                throw new Error(\"Function timed out.\");","metadata":{"emulator":{"name":"functions"},"function":{"name":"api"},"message":"\u001b[90m> \u001b[39m                 throw new Error(\"Function timed out.\");"}}
[info] >                  ^ {"user":"                ^","metadata":{"emulator":{"name":"functions"},"function":{"name":"api"},"message":"\u001b[90m> \u001b[39m                 ^"}}
[info] >   {"user":"","metadata":{"emulator":{"name":"functions"},"function":{"name":"api"},"message":"\u001b[90m> \u001b[39m "}}
[info] >  Error: Function timed out. {"user":"Error: Function timed out.","metadata":{"emulator":{"name":"functions"},"function":{"name":"api"},"message":"\u001b[90m> \u001b[39m Error: Function timed out."}}
[info] >      at Timeout._onTimeout (/home/yakir/.nvm/versions/node/v12.10.0/lib/node_modules/firebase-tools/lib/emulator/functionsEmulatorRuntime.js:622:23) {"user":"    at Timeout._onTimeout (/home/yakir/.nvm/versions/node/v12.10.0/lib/node_modules/firebase-tools/lib/emulator/functionsEmulatorRuntime.js:622:23)","metadata":{"emulator":{"name":"functions"},"function":{"name":"api"},"message":"\u001b[90m> \u001b[39m     at Timeout._onTimeout (/home/yakir/.nvm/versions/node/v12.10.0/lib/node_modules/firebase-tools/lib/emulator/functionsEmulatorRuntime.js:622:23)"}}
[info] >      at listOnTimeout (internal/timers.js:531:17) {"user":"    at listOnTimeout (internal/timers.js:531:17)","metadata":{"emulator":{"name":"functions"},"function":{"name":"api"},"message":"\u001b[90m> \u001b[39m     at listOnTimeout (internal/timers.js:531:17)"}}
[info] >      at processTimers (internal/timers.js:475:7) {"user":"    at processTimers (internal/timers.js:475:7)","metadata":{"emulator":{"name":"functions"},"function":{"name":"api"},"message":"\u001b[90m> \u001b[39m     at processTimers (internal/timers.js:475:7)"}}
[debug] [2020-07-08T07:56:48.500Z] [worker-api-7731fe48-da7c-4e68-a46e-e8d0b94209a7]: exited {"metadata":{"emulator":{"name":"functions"},"message":"[worker-api-7731fe48-da7c-4e68-a46e-e8d0b94209a7]: exited"}}
[debug] [2020-07-08T07:56:48.500Z] [worker-api-7731fe48-da7c-4e68-a46e-e8d0b94209a7]: FINISHED {"metadata":{"emulator":{"name":"functions"},"message":"[worker-api-7731fe48-da7c-4e68-a46e-e8d0b94209a7]: FINISHED"}}
[debug] [2020-07-08T07:56:48.500Z] [work-queue] {"queueLength":0,"workRunningCount":0}
[debug] [2020-07-08T07:56:52.443Z] [work-queue] {"queueLength":1,"workRunningCount":0}
[debug] [2020-07-08T07:56:52.443Z] [work-queue] {"queueLength":0,"workRunningCount":1}
[debug] [2020-07-08T07:56:52.443Z] Accepted request POST /ivern-app/europe-west1/api/users/image --> api
[debug] [2020-07-08T07:56:52.443Z] [worker-pool] Cleaned up workers for api: 1 --> 0 {"metadata":{"emulator":{"name":"functions"},"message":"[worker-pool] Cleaned up workers for api: 1 --> 0"}}
[debug] [2020-07-08T07:56:52.450Z] [worker-pool] addWorker(api) {"metadata":{"emulator":{"name":"functions"},"message":"[worker-pool] addWorker(api)"}}
[debug] [2020-07-08T07:56:52.450Z] [worker-pool] Adding worker with key api, total=1 {"metadata":{"emulator":{"name":"functions"},"message":"[worker-pool] Adding worker with key api, total=1"}}
[debug] [2020-07-08T07:56:52.450Z] [worker-pool] submitWork(triggerId=api) {"metadata":{"emulator":{"name":"functions"},"message":"[worker-pool] submitWork(triggerId=api)"}}
[debug] [2020-07-08T07:56:52.450Z] [worker-api-04d8ac0b-1a15-4954-8f95-f734db906566]: Assigning socketPath: /tmp/fire_emu_13276.sock {"metadata":{"emulator":{"name":"functions"},"message":"[worker-api-04d8ac0b-1a15-4954-8f95-f734db906566]: Assigning socketPath: /tmp/fire_emu_13276.sock"}}
[debug] [2020-07-08T07:56:52.450Z] [worker-api-04d8ac0b-1a15-4954-8f95-f734db906566]: BUSY {"metadata":{"emulator":{"name":"functions"},"message":"[worker-api-04d8ac0b-1a15-4954-8f95-f734db906566]: BUSY"}}
[debug] [2020-07-08T07:56:52.699Z] [runtime-status] [13276] Functions runtime initialized. {"cwd":"/home/yakir/Desktop/Web-Developing/ivern-app/functions","node_version":"12.10.0"} {"metadata":{"emulator":{"name":"functions"},"function":{"name":"api"},"message":"[runtime-status] [13276] Functions runtime initialized. {\"cwd\":\"/home/yakir/Desktop/Web-Developing/ivern-app/functions\",\"node_version\":\"12.10.0\"}"}}
[debug] [2020-07-08T07:56:52.701Z] [runtime-status] [13276] Disabled runtime features: undefined {"metadata":{"emulator":{"name":"functions"},"function":{"name":"api"},"message":"[runtime-status] [13276] Disabled runtime features: undefined"}}
[debug] [2020-07-08T07:56:52.704Z] [runtime-status] [13276] Resolved module firebase-admin {"declared":true,"installed":true,"version":"8.13.0","resolution":"/home/yakir/Desktop/Web-Developing/ivern-app/functions/node_modules/firebase-admin/lib/index.js"} {"metadata":{"emulator":{"name":"functions"},"function":{"name":"api"},"message":"[runtime-status] [13276] Resolved module firebase-admin {\"declared\":true,\"installed\":true,\"version\":\"8.13.0\",\"resolution\":\"/home/yakir/Desktop/Web-Developing/ivern-app/functions/node_modules/firebase-admin/lib/index.js\"}"}}
[debug] [2020-07-08T07:56:52.705Z] [runtime-status] [13276] Resolved module firebase-functions {"declared":true,"installed":true,"version":"3.7.0","resolution":"/home/yakir/Desktop/Web-Developing/ivern-app/functions/node_modules/firebase-functions/lib/index.js"} {"metadata":{"emulator":{"name":"functions"},"function":{"name":"api"},"message":"[runtime-status] [13276] Resolved module firebase-functions {\"declared\":true,\"installed\":true,\"version\":\"3.7.0\",\"resolution\":\"/home/yakir/Desktop/Web-Developing/ivern-app/functions/node_modules/firebase-functions/lib/index.js\"}"}}
[debug] [2020-07-08T07:56:52.709Z] [runtime-status] [13276] Outgoing network have been stubbed. [{"name":"http","status":"mocked"},{"name":"http","status":"mocked"},{"name":"https","status":"mocked"},{"name":"https","status":"mocked"},{"name":"net","status":"mocked"}] {"metadata":{"emulator":{"name":"functions"},"function":{"name":"api"},"message":"[runtime-status] [13276] Outgoing network have been stubbed. [{\"name\":\"http\",\"status\":\"mocked\"},{\"name\":\"http\",\"status\":\"mocked\"},{\"name\":\"https\",\"status\":\"mocked\"},{\"name\":\"https\",\"status\":\"mocked\"},{\"name\":\"net\",\"status\":\"mocked\"}]"}}
[debug] [2020-07-08T07:56:52.709Z] [runtime-status] [13276] Resolved module firebase-functions {"declared":true,"installed":true,"version":"3.7.0","resolution":"/home/yakir/Desktop/Web-Developing/ivern-app/functions/node_modules/firebase-functions/lib/index.js"} {"metadata":{"emulator":{"name":"functions"},"function":{"name":"api"},"message":"[runtime-status] [13276] Resolved module firebase-functions {\"declared\":true,\"installed\":true,\"version\":\"3.7.0\",\"resolution\":\"/home/yakir/Desktop/Web-Developing/ivern-app/functions/node_modules/firebase-functions/lib/index.js\"}"}}
[debug] [2020-07-08T07:56:52.742Z] [runtime-status] [13276] Checked functions.config() {"config":{}} {"metadata":{"emulator":{"name":"functions"},"function":{"name":"api"},"message":"[runtime-status] [13276] Checked functions.config() {\"config\":{}}"}}
[debug] [2020-07-08T07:56:52.743Z] [runtime-status] [13276] firebase-functions has been stubbed. {"functionsResolution":{"declared":true,"installed":true,"version":"3.7.0","resolution":"/home/yakir/Desktop/Web-Developing/ivern-app/functions/node_modules/firebase-functions/lib/index.js"}} {"metadata":{"emulator":{"name":"functions"},"function":{"name":"api"},"message":"[runtime-status] [13276] firebase-functions has been stubbed. {\"functionsResolution\":{\"declared\":true,\"installed\":true,\"version\":\"3.7.0\",\"resolution\":\"/home/yakir/Desktop/Web-Developing/ivern-app/functions/node_modules/firebase-functions/lib/index.js\"}}"}}
[debug] [2020-07-08T07:56:52.743Z] [runtime-status] [13276] Resolved module firebase-functions {"declared":true,"installed":true,"version":"3.7.0","resolution":"/home/yakir/Desktop/Web-Developing/ivern-app/functions/node_modules/firebase-functions/lib/index.js"} {"metadata":{"emulator":{"name":"functions"},"function":{"name":"api"},"message":"[runtime-status] [13276] Resolved module firebase-functions {\"declared\":true,\"installed\":true,\"version\":\"3.7.0\",\"resolution\":\"/home/yakir/Desktop/Web-Developing/ivern-app/functions/node_modules/firebase-functions/lib/index.js\"}"}}
[debug] [2020-07-08T07:56:52.744Z] [runtime-status] [13276] Resolved module firebase-admin {"declared":true,"installed":true,"version":"8.13.0","resolution":"/home/yakir/Desktop/Web-Developing/ivern-app/functions/node_modules/firebase-admin/lib/index.js"} {"metadata":{"emulator":{"name":"functions"},"function":{"name":"api"},"message":"[runtime-status] [13276] Resolved module firebase-admin {\"declared\":true,\"installed\":true,\"version\":\"8.13.0\",\"resolution\":\"/home/yakir/Desktop/Web-Developing/ivern-app/functions/node_modules/firebase-admin/lib/index.js\"}"}}
[debug] [2020-07-08T07:56:52.745Z] [runtime-status] [13276] Resolved module firebase-functions {"declared":true,"installed":true,"version":"3.7.0","resolution":"/home/yakir/Desktop/Web-Developing/ivern-app/functions/node_modules/firebase-functions/lib/index.js"} {"metadata":{"emulator":{"name":"functions"},"function":{"name":"api"},"message":"[runtime-status] [13276] Resolved module firebase-functions {\"declared\":true,\"installed\":true,\"version\":\"3.7.0\",\"resolution\":\"/home/yakir/Desktop/Web-Developing/ivern-app/functions/node_modules/firebase-functions/lib/index.js\"}"}}
[debug] [2020-07-08T07:56:52.745Z] [runtime-status] [13276] firebase-admin has been stubbed. {"adminResolution":{"declared":true,"installed":true,"version":"8.13.0","resolution":"/home/yakir/Desktop/Web-Developing/ivern-app/functions/node_modules/firebase-admin/lib/index.js"}} {"metadata":{"emulator":{"name":"functions"},"function":{"name":"api"},"message":"[runtime-status] [13276] firebase-admin has been stubbed. {\"adminResolution\":{\"declared\":true,\"installed\":true,\"version\":\"8.13.0\",\"resolution\":\"/home/yakir/Desktop/Web-Developing/ivern-app/functions/node_modules/firebase-admin/lib/index.js\"}}"}}
[debug] [2020-07-08T07:56:52.922Z] [runtime-status] [13276] initializeApp(DEFAULT) {"databaseURL":"https://ivern-app.firebaseio.com","storageBucket":"ivern-app.appspot.com","projectId":"ivern-app"} {"metadata":{"emulator":{"name":"functions"},"function":{"name":"api"},"message":"[runtime-status] [13276] initializeApp(DEFAULT) {\"databaseURL\":\"https://ivern-app.firebaseio.com\",\"storageBucket\":\"ivern-app.appspot.com\",\"projectId\":\"ivern-app\"}"}}
[warn] ⚠  functions: The Cloud Firestore emulator is not running, so calls to Firestore will affect production. {"metadata":{"emulator":{"name":"functions"},"function":{"name":"api"},"message":"The Cloud Firestore emulator is not running, so calls to Firestore will affect production."}}
[debug] [2020-07-08T07:56:53.144Z] [runtime-status] [13276] Trigger "api" has been found, beginning invocation! {"metadata":{"emulator":{"name":"functions"},"function":{"name":"api"},"message":"[runtime-status] [13276] Trigger \"api\" has been found, beginning invocation!"}}
[info] i  functions: Beginning execution of "api" {"metadata":{"emulator":{"name":"functions"},"function":{"name":"api"},"message":"Beginning execution of \"api\""}}
[debug] [2020-07-08T07:56:53.145Z] [runtime-status] [13276] triggerDefinition {"regions":["europe-west1"],"httpsTrigger":{},"name":"api","entryPoint":"api"} {"metadata":{"emulator":{"name":"functions"},"function":{"name":"api"},"message":"[runtime-status] [13276] triggerDefinition {\"regions\":[\"europe-west1\"],\"httpsTrigger\":{},\"name\":\"api\",\"entryPoint\":\"api\"}"}}
[debug] [2020-07-08T07:56:53.145Z] [runtime-status] [13276] Running api in mode HTTPS {"metadata":{"emulator":{"name":"functions"},"function":{"name":"api"},"message":"[runtime-status] [13276] Running api in mode HTTPS"}}
[debug] [2020-07-08T07:56:53.149Z] [runtime-status] [13276] Attempting to listen to socketPath: /tmp/fire_emu_13276.sock {"metadata":{"emulator":{"name":"functions"},"function":{"name":"api"},"message":"[runtime-status] [13276] Attempting to listen to socketPath: /tmp/fire_emu_13276.sock"}}
[debug] [2020-07-08T07:56:53.152Z] [functions] Runtime ready! Sending request! {"metadata":{"emulator":{"name":"functions"},"message":"[functions] Runtime ready! Sending request!"}}
[debug] [2020-07-08T07:56:53.163Z] [runtime-status] [13276] Ephemeral server handling POST request {"metadata":{"emulator":{"name":"functions"},"function":{"name":"api"},"message":"[runtime-status] [13276] Ephemeral server handling POST request"}}
[debug] [2020-07-08T07:56:53.207Z] [runtime-status] [13276] Ephemeral server survived. {"metadata":{"emulator":{"name":"functions"},"function":{"name":"api"},"message":"[runtime-status] [13276] Ephemeral server survived."}}
[warn] ⚠  Google API requested!
   - URL: "https://oauth2.googleapis.com/token"
   - Be careful, this may be a production service. {"metadata":{"emulator":{"name":"functions"},"function":{"name":"api"},"message":"Google API requested!\n   - URL: \"https://oauth2.googleapis.com/token\"\n   - Be careful, this may be a production service."}}
[warn] ⚠  Google API requested!
   - URL: "https://storage.googleapis.com/upload/storage/v1/b/ivern-app.appspot.com/o?uploadType=multipart&name=8368478231.jpg"
   - Be careful, this may be a production service. {"metadata":{"emulator":{"name":"functions"},"function":{"name":"api"},"message":"Google API requested!\n   - URL: \"https://storage.googleapis.com/upload/storage/v1/b/ivern-app.appspot.com/o?uploadType=multipart&name=8368478231.jpg\"\n   - Be careful, this may be a production service."}}
[info] i  functions: Finished "api" in ~2s {"metadata":{"emulator":{"name":"functions"},"function":{"name":"api"},"message":"Finished \"api\" in ~2s"}}
[debug] [2020-07-08T07:56:55.249Z] [worker-api-04d8ac0b-1a15-4954-8f95-f734db906566]: IDLE {"metadata":{"emulator":{"name":"functions"},"message":"[worker-api-04d8ac0b-1a15-4954-8f95-f734db906566]: IDLE"}}
[debug] [2020-07-08T07:56:55.249Z] [work-queue] {"queueLength":0,"workRunningCount":0}
[debug] [2020-07-08T08:04:27.634Z] File /home/yakir/Desktop/Web-Developing/ivern-app/functions/src/utils/file_upload.ts changed, reloading triggers {"metadata":{"emulator":{"name":"functions"},"message":"File /home/yakir/Desktop/Web-Developing/ivern-app/functions/src/utils/file_upload.ts changed, reloading triggers"}}
[debug] [2020-07-08T08:04:28.635Z] [worker-pool] Shutting down IDLE worker (~diagnostic~) {"metadata":{"emulator":{"name":"functions"},"message":"[worker-pool] Shutting down IDLE worker (~diagnostic~)"}}
[debug] [2020-07-08T08:04:28.636Z] [worker-~diagnostic~-405a926d-f64d-4683-952b-835611f1bc08]: FINISHING {"metadata":{"emulator":{"name":"functions"},"message":"[worker-~diagnostic~-405a926d-f64d-4683-952b-835611f1bc08]: FINISHING"}}
[debug] [2020-07-08T08:04:28.636Z] [worker-pool] Shutting down IDLE worker (api) {"metadata":{"emulator":{"name":"functions"},"message":"[worker-pool] Shutting down IDLE worker (api)"}}
[debug] [2020-07-08T08:04:28.636Z] [worker-api-04d8ac0b-1a15-4954-8f95-f734db906566]: FINISHING {"metadata":{"emulator":{"name":"functions"},"message":"[worker-api-04d8ac0b-1a15-4954-8f95-f734db906566]: FINISHING"}}
[debug] [2020-07-08T08:04:28.648Z] [worker-pool] addWorker(~diagnostic~) {"metadata":{"emulator":{"name":"functions"},"message":"[worker-pool] addWorker(~diagnostic~)"}}
[debug] [2020-07-08T08:04:28.649Z] [worker-pool] Adding worker with key ~diagnostic~, total=2 {"metadata":{"emulator":{"name":"functions"},"message":"[worker-pool] Adding worker with key ~diagnostic~, total=2"}}
[debug] [2020-07-08T08:04:28.649Z] [worker-pool] submitWork(triggerId=) {"metadata":{"emulator":{"name":"functions"},"message":"[worker-pool] submitWork(triggerId=)"}}
[debug] [2020-07-08T08:04:28.649Z] [worker-~diagnostic~-ed2c3eaf-50fe-40b0-a63c-8d0fd2068a07]: Assigning socketPath: /tmp/fire_emu_15038.sock {"metadata":{"emulator":{"name":"functions"},"message":"[worker-~diagnostic~-ed2c3eaf-50fe-40b0-a63c-8d0fd2068a07]: Assigning socketPath: /tmp/fire_emu_15038.sock"}}
[debug] [2020-07-08T08:04:28.649Z] [worker-~diagnostic~-ed2c3eaf-50fe-40b0-a63c-8d0fd2068a07]: BUSY {"metadata":{"emulator":{"name":"functions"},"message":"[worker-~diagnostic~-ed2c3eaf-50fe-40b0-a63c-8d0fd2068a07]: BUSY"}}
[debug] [2020-07-08T08:04:28.650Z] [worker-~diagnostic~-405a926d-f64d-4683-952b-835611f1bc08]: exited {"metadata":{"emulator":{"name":"functions"},"message":"[worker-~diagnostic~-405a926d-f64d-4683-952b-835611f1bc08]: exited"}}
[debug] [2020-07-08T08:04:28.650Z] [worker-~diagnostic~-405a926d-f64d-4683-952b-835611f1bc08]: FINISHED {"metadata":{"emulator":{"name":"functions"},"message":"[worker-~diagnostic~-405a926d-f64d-4683-952b-835611f1bc08]: FINISHED"}}
[debug] [2020-07-08T08:04:28.650Z] [worker-api-04d8ac0b-1a15-4954-8f95-f734db906566]: exited {"metadata":{"emulator":{"name":"functions"},"message":"[worker-api-04d8ac0b-1a15-4954-8f95-f734db906566]: exited"}}
[debug] [2020-07-08T08:04:28.650Z] [worker-api-04d8ac0b-1a15-4954-8f95-f734db906566]: FINISHED {"metadata":{"emulator":{"name":"functions"},"message":"[worker-api-04d8ac0b-1a15-4954-8f95-f734db906566]: FINISHED"}}
[debug] [2020-07-08T08:04:29.132Z] [runtime-status] [15038] Functions runtime initialized. {"cwd":"/home/yakir/Desktop/Web-Developing/ivern-app/functions","node_version":"12.10.0"} {"metadata":{"emulator":{"name":"functions"},"message":"[runtime-status] [15038] Functions runtime initialized. {\"cwd\":\"/home/yakir/Desktop/Web-Developing/ivern-app/functions\",\"node_version\":\"12.10.0\"}"}}
[debug] [2020-07-08T08:04:29.134Z] [runtime-status] [15038] Disabled runtime features: undefined {"metadata":{"emulator":{"name":"functions"},"message":"[runtime-status] [15038] Disabled runtime features: undefined"}}
[debug] [2020-07-08T08:04:29.136Z] [runtime-status] [15038] Resolved module firebase-admin {"declared":true,"installed":true,"version":"8.13.0","resolution":"/home/yakir/Desktop/Web-Developing/ivern-app/functions/node_modules/firebase-admin/lib/index.js"} {"metadata":{"emulator":{"name":"functions"},"message":"[runtime-status] [15038] Resolved module firebase-admin {\"declared\":true,\"installed\":true,\"version\":\"8.13.0\",\"resolution\":\"/home/yakir/Desktop/Web-Developing/ivern-app/functions/node_modules/firebase-admin/lib/index.js\"}"}}
[debug] [2020-07-08T08:04:29.137Z] [runtime-status] [15038] Resolved module firebase-functions {"declared":true,"installed":true,"version":"3.7.0","resolution":"/home/yakir/Desktop/Web-Developing/ivern-app/functions/node_modules/firebase-functions/lib/index.js"} {"metadata":{"emulator":{"name":"functions"},"message":"[runtime-status] [15038] Resolved module firebase-functions {\"declared\":true,\"installed\":true,\"version\":\"3.7.0\",\"resolution\":\"/home/yakir/Desktop/Web-Developing/ivern-app/functions/node_modules/firebase-functions/lib/index.js\"}"}}
[debug] [2020-07-08T08:04:29.140Z] [runtime-status] [15038] Outgoing network have been stubbed. [{"name":"http","status":"mocked"},{"name":"http","status":"mocked"},{"name":"https","status":"mocked"},{"name":"https","status":"mocked"},{"name":"net","status":"mocked"}] {"metadata":{"emulator":{"name":"functions"},"message":"[runtime-status] [15038] Outgoing network have been stubbed. [{\"name\":\"http\",\"status\":\"mocked\"},{\"name\":\"http\",\"status\":\"mocked\"},{\"name\":\"https\",\"status\":\"mocked\"},{\"name\":\"https\",\"status\":\"mocked\"},{\"name\":\"net\",\"status\":\"mocked\"}]"}}
[debug] [2020-07-08T08:04:29.140Z] [runtime-status] [15038] Resolved module firebase-functions {"declared":true,"installed":true,"version":"3.7.0","resolution":"/home/yakir/Desktop/Web-Developing/ivern-app/functions/node_modules/firebase-functions/lib/index.js"} {"metadata":{"emulator":{"name":"functions"},"message":"[runtime-status] [15038] Resolved module firebase-functions {\"declared\":true,\"installed\":true,\"version\":\"3.7.0\",\"resolution\":\"/home/yakir/Desktop/Web-Developing/ivern-app/functions/node_modules/firebase-functions/lib/index.js\"}"}}
[debug] [2020-07-08T08:04:29.169Z] [runtime-status] [15038] Checked functions.config() {"config":{}} {"metadata":{"emulator":{"name":"functions"},"message":"[runtime-status] [15038] Checked functions.config() {\"config\":{}}"}}
[debug] [2020-07-08T08:04:29.170Z] [runtime-status] [15038] firebase-functions has been stubbed. {"functionsResolution":{"declared":true,"installed":true,"version":"3.7.0","resolution":"/home/yakir/Desktop/Web-Developing/ivern-app/functions/node_modules/firebase-functions/lib/index.js"}} {"metadata":{"emulator":{"name":"functions"},"message":"[runtime-status] [15038] firebase-functions has been stubbed. {\"functionsResolution\":{\"declared\":true,\"installed\":true,\"version\":\"3.7.0\",\"resolution\":\"/home/yakir/Desktop/Web-Developing/ivern-app/functions/node_modules/firebase-functions/lib/index.js\"}}"}}
[debug] [2020-07-08T08:04:29.170Z] [runtime-status] [15038] Resolved module firebase-functions {"declared":true,"installed":true,"version":"3.7.0","resolution":"/home/yakir/Desktop/Web-Developing/ivern-app/functions/node_modules/firebase-functions/lib/index.js"} {"metadata":{"emulator":{"name":"functions"},"message":"[runtime-status] [15038] Resolved module firebase-functions {\"declared\":true,\"installed\":true,\"version\":\"3.7.0\",\"resolution\":\"/home/yakir/Desktop/Web-Developing/ivern-app/functions/node_modules/firebase-functions/lib/index.js\"}"}}
[debug] [2020-07-08T08:04:29.171Z] [runtime-status] [15038] Resolved module firebase-admin {"declared":true,"installed":true,"version":"8.13.0","resolution":"/home/yakir/Desktop/Web-Developing/ivern-app/functions/node_modules/firebase-admin/lib/index.js"} {"metadata":{"emulator":{"name":"functions"},"message":"[runtime-status] [15038] Resolved module firebase-admin {\"declared\":true,\"installed\":true,\"version\":\"8.13.0\",\"resolution\":\"/home/yakir/Desktop/Web-Developing/ivern-app/functions/node_modules/firebase-admin/lib/index.js\"}"}}
[debug] [2020-07-08T08:04:29.172Z] [runtime-status] [15038] Resolved module firebase-functions {"declared":true,"installed":true,"version":"3.7.0","resolution":"/home/yakir/Desktop/Web-Developing/ivern-app/functions/node_modules/firebase-functions/lib/index.js"} {"metadata":{"emulator":{"name":"functions"},"message":"[runtime-status] [15038] Resolved module firebase-functions {\"declared\":true,\"installed\":true,\"version\":\"3.7.0\",\"resolution\":\"/home/yakir/Desktop/Web-Developing/ivern-app/functions/node_modules/firebase-functions/lib/index.js\"}"}}
[debug] [2020-07-08T08:04:29.172Z] [runtime-status] [15038] firebase-admin has been stubbed. {"adminResolution":{"declared":true,"installed":true,"version":"8.13.0","resolution":"/home/yakir/Desktop/Web-Developing/ivern-app/functions/node_modules/firebase-admin/lib/index.js"}} {"metadata":{"emulator":{"name":"functions"},"message":"[runtime-status] [15038] firebase-admin has been stubbed. {\"adminResolution\":{\"declared\":true,\"installed\":true,\"version\":\"8.13.0\",\"resolution\":\"/home/yakir/Desktop/Web-Developing/ivern-app/functions/node_modules/firebase-admin/lib/index.js\"}}"}}
[debug] [2020-07-08T08:04:29.351Z] [runtime-status] [15038] initializeApp(DEFAULT) {"databaseURL":"https://ivern-app.firebaseio.com","storageBucket":"ivern-app.appspot.com","projectId":"ivern-app"} {"metadata":{"emulator":{"name":"functions"},"message":"[runtime-status] [15038] initializeApp(DEFAULT) {\"databaseURL\":\"https://ivern-app.firebaseio.com\",\"storageBucket\":\"ivern-app.appspot.com\",\"projectId\":\"ivern-app\"}"}}
[warn] ⚠  functions: The Cloud Firestore emulator is not running, so calls to Firestore will affect production. {"metadata":{"emulator":{"name":"functions"},"message":"The Cloud Firestore emulator is not running, so calls to Firestore will affect production."}}
[debug] [2020-07-08T08:04:29.520Z] [worker-~diagnostic~-ed2c3eaf-50fe-40b0-a63c-8d0fd2068a07]: IDLE {"metadata":{"emulator":{"name":"functions"},"message":"[worker-~diagnostic~-ed2c3eaf-50fe-40b0-a63c-8d0fd2068a07]: IDLE"}}
[debug] [2020-07-08T08:04:33.514Z] File /home/yakir/Desktop/Web-Developing/ivern-app/functions/src/utils/file_upload.ts changed, reloading triggers {"metadata":{"emulator":{"name":"functions"},"message":"File /home/yakir/Desktop/Web-Developing/ivern-app/functions/src/utils/file_upload.ts changed, reloading triggers"}}
[debug] [2020-07-08T08:04:34.515Z] [worker-pool] Shutting down IDLE worker (~diagnostic~) {"metadata":{"emulator":{"name":"functions"},"message":"[worker-pool] Shutting down IDLE worker (~diagnostic~)"}}
[debug] [2020-07-08T08:04:34.517Z] [worker-~diagnostic~-ed2c3eaf-50fe-40b0-a63c-8d0fd2068a07]: FINISHING {"metadata":{"emulator":{"name":"functions"},"message":"[worker-~diagnostic~-ed2c3eaf-50fe-40b0-a63c-8d0fd2068a07]: FINISHING"}}
[debug] [2020-07-08T08:04:34.518Z] [worker-pool] Cleaned up workers for ~diagnostic~: 2 --> 1 {"metadata":{"emulator":{"name":"functions"},"message":"[worker-pool] Cleaned up workers for ~diagnostic~: 2 --> 1"}}
[debug] [2020-07-08T08:04:34.519Z] [worker-pool] Cleaned up workers for api: 1 --> 0 {"metadata":{"emulator":{"name":"functions"},"message":"[worker-pool] Cleaned up workers for api: 1 --> 0"}}
[debug] [2020-07-08T08:04:34.535Z] [worker-pool] addWorker(~diagnostic~) {"metadata":{"emulator":{"name":"functions"},"message":"[worker-pool] addWorker(~diagnostic~)"}}
[debug] [2020-07-08T08:04:34.535Z] [worker-pool] Adding worker with key ~diagnostic~, total=2 {"metadata":{"emulator":{"name":"functions"},"message":"[worker-pool] Adding worker with key ~diagnostic~, total=2"}}
[debug] [2020-07-08T08:04:34.536Z] [worker-pool] submitWork(triggerId=) {"metadata":{"emulator":{"name":"functions"},"message":"[worker-pool] submitWork(triggerId=)"}}
[debug] [2020-07-08T08:04:34.536Z] [worker-~diagnostic~-af4da5a7-27c7-403b-b5a1-d0fcd63ad6a1]: Assigning socketPath: /tmp/fire_emu_15059.sock {"metadata":{"emulator":{"name":"functions"},"message":"[worker-~diagnostic~-af4da5a7-27c7-403b-b5a1-d0fcd63ad6a1]: Assigning socketPath: /tmp/fire_emu_15059.sock"}}
[debug] [2020-07-08T08:04:34.537Z] [worker-~diagnostic~-af4da5a7-27c7-403b-b5a1-d0fcd63ad6a1]: BUSY {"metadata":{"emulator":{"name":"functions"},"message":"[worker-~diagnostic~-af4da5a7-27c7-403b-b5a1-d0fcd63ad6a1]: BUSY"}}
[debug] [2020-07-08T08:04:34.538Z] [worker-~diagnostic~-ed2c3eaf-50fe-40b0-a63c-8d0fd2068a07]: exited {"metadata":{"emulator":{"name":"functions"},"message":"[worker-~diagnostic~-ed2c3eaf-50fe-40b0-a63c-8d0fd2068a07]: exited"}}
[debug] [2020-07-08T08:04:34.538Z] [worker-~diagnostic~-ed2c3eaf-50fe-40b0-a63c-8d0fd2068a07]: FINISHED {"metadata":{"emulator":{"name":"functions"},"message":"[worker-~diagnostic~-ed2c3eaf-50fe-40b0-a63c-8d0fd2068a07]: FINISHED"}}
[debug] [2020-07-08T08:04:34.773Z] [runtime-status] [15059] Functions runtime initialized. {"cwd":"/home/yakir/Desktop/Web-Developing/ivern-app/functions","node_version":"12.10.0"} {"metadata":{"emulator":{"name":"functions"},"message":"[runtime-status] [15059] Functions runtime initialized. {\"cwd\":\"/home/yakir/Desktop/Web-Developing/ivern-app/functions\",\"node_version\":\"12.10.0\"}"}}
[debug] [2020-07-08T08:04:34.775Z] [runtime-status] [15059] Disabled runtime features: undefined {"metadata":{"emulator":{"name":"functions"},"message":"[runtime-status] [15059] Disabled runtime features: undefined"}}
[debug] [2020-07-08T08:04:34.777Z] [runtime-status] [15059] Resolved module firebase-admin {"declared":true,"installed":true,"version":"8.13.0","resolution":"/home/yakir/Desktop/Web-Developing/ivern-app/functions/node_modules/firebase-admin/lib/index.js"} {"metadata":{"emulator":{"name":"functions"},"message":"[runtime-status] [15059] Resolved module firebase-admin {\"declared\":true,\"installed\":true,\"version\":\"8.13.0\",\"resolution\":\"/home/yakir/Desktop/Web-Developing/ivern-app/functions/node_modules/firebase-admin/lib/index.js\"}"}}
[debug] [2020-07-08T08:04:34.778Z] [runtime-status] [15059] Resolved module firebase-functions {"declared":true,"installed":true,"version":"3.7.0","resolution":"/home/yakir/Desktop/Web-Developing/ivern-app/functions/node_modules/firebase-functions/lib/index.js"} {"metadata":{"emulator":{"name":"functions"},"message":"[runtime-status] [15059] Resolved module firebase-functions {\"declared\":true,\"installed\":true,\"version\":\"3.7.0\",\"resolution\":\"/home/yakir/Desktop/Web-Developing/ivern-app/functions/node_modules/firebase-functions/lib/index.js\"}"}}
[debug] [2020-07-08T08:04:34.780Z] [runtime-status] [15059] Outgoing network have been stubbed. [{"name":"http","status":"mocked"},{"name":"http","status":"mocked"},{"name":"https","status":"mocked"},{"name":"https","status":"mocked"},{"name":"net","status":"mocked"}] {"metadata":{"emulator":{"name":"functions"},"message":"[runtime-status] [15059] Outgoing network have been stubbed. [{\"name\":\"http\",\"status\":\"mocked\"},{\"name\":\"http\",\"status\":\"mocked\"},{\"name\":\"https\",\"status\":\"mocked\"},{\"name\":\"https\",\"status\":\"mocked\"},{\"name\":\"net\",\"status\":\"mocked\"}]"}}
[debug] [2020-07-08T08:04:34.780Z] [runtime-status] [15059] Resolved module firebase-functions {"declared":true,"installed":true,"version":"3.7.0","resolution":"/home/yakir/Desktop/Web-Developing/ivern-app/functions/node_modules/firebase-functions/lib/index.js"} {"metadata":{"emulator":{"name":"functions"},"message":"[runtime-status] [15059] Resolved module firebase-functions {\"declared\":true,\"installed\":true,\"version\":\"3.7.0\",\"resolution\":\"/home/yakir/Desktop/Web-Developing/ivern-app/functions/node_modules/firebase-functions/lib/index.js\"}"}}
[debug] [2020-07-08T08:04:34.809Z] [runtime-status] [15059] Checked functions.config() {"config":{}} {"metadata":{"emulator":{"name":"functions"},"message":"[runtime-status] [15059] Checked functions.config() {\"config\":{}}"}}
[debug] [2020-07-08T08:04:34.810Z] [runtime-status] [15059] firebase-functions has been stubbed. {"functionsResolution":{"declared":true,"installed":true,"version":"3.7.0","resolution":"/home/yakir/Desktop/Web-Developing/ivern-app/functions/node_modules/firebase-functions/lib/index.js"}} {"metadata":{"emulator":{"name":"functions"},"message":"[runtime-status] [15059] firebase-functions has been stubbed. {\"functionsResolution\":{\"declared\":true,\"installed\":true,\"version\":\"3.7.0\",\"resolution\":\"/home/yakir/Desktop/Web-Developing/ivern-app/functions/node_modules/firebase-functions/lib/index.js\"}}"}}
[debug] [2020-07-08T08:04:34.810Z] [runtime-status] [15059] Resolved module firebase-functions {"declared":true,"installed":true,"version":"3.7.0","resolution":"/home/yakir/Desktop/Web-Developing/ivern-app/functions/node_modules/firebase-functions/lib/index.js"} {"metadata":{"emulator":{"name":"functions"},"message":"[runtime-status] [15059] Resolved module firebase-functions {\"declared\":true,\"installed\":true,\"version\":\"3.7.0\",\"resolution\":\"/home/yakir/Desktop/Web-Developing/ivern-app/functions/node_modules/firebase-functions/lib/index.js\"}"}}
[debug] [2020-07-08T08:04:34.811Z] [runtime-status] [15059] Resolved module firebase-admin {"declared":true,"installed":true,"version":"8.13.0","resolution":"/home/yakir/Desktop/Web-Developing/ivern-app/functions/node_modules/firebase-admin/lib/index.js"} {"metadata":{"emulator":{"name":"functions"},"message":"[runtime-status] [15059] Resolved module firebase-admin {\"declared\":true,\"installed\":true,\"version\":\"8.13.0\",\"resolution\":\"/home/yakir/Desktop/Web-Developing/ivern-app/functions/node_modules/firebase-admin/lib/index.js\"}"}}
[debug] [2020-07-08T08:04:34.811Z] [runtime-status] [15059] Resolved module firebase-functions {"declared":true,"installed":true,"version":"3.7.0","resolution":"/home/yakir/Desktop/Web-Developing/ivern-app/functions/node_modules/firebase-functions/lib/index.js"} {"metadata":{"emulator":{"name":"functions"},"message":"[runtime-status] [15059] Resolved module firebase-functions {\"declared\":true,\"installed\":true,\"version\":\"3.7.0\",\"resolution\":\"/home/yakir/Desktop/Web-Developing/ivern-app/functions/node_modules/firebase-functions/lib/index.js\"}"}}
[debug] [2020-07-08T08:04:34.812Z] [runtime-status] [15059] firebase-admin has been stubbed. {"adminResolution":{"declared":true,"installed":true,"version":"8.13.0","resolution":"/home/yakir/Desktop/Web-Developing/ivern-app/functions/node_modules/firebase-admin/lib/index.js"}} {"metadata":{"emulator":{"name":"functions"},"message":"[runtime-status] [15059] firebase-admin has been stubbed. {\"adminResolution\":{\"declared\":true,\"installed\":true,\"version\":\"8.13.0\",\"resolution\":\"/home/yakir/Desktop/Web-Developing/ivern-app/functions/node_modules/firebase-admin/lib/index.js\"}}"}}
[debug] [2020-07-08T08:04:34.966Z] [runtime-status] [15059] initializeApp(DEFAULT) {"databaseURL":"https://ivern-app.firebaseio.com","storageBucket":"ivern-app.appspot.com","projectId":"ivern-app"} {"metadata":{"emulator":{"name":"functions"},"message":"[runtime-status] [15059] initializeApp(DEFAULT) {\"databaseURL\":\"https://ivern-app.firebaseio.com\",\"storageBucket\":\"ivern-app.appspot.com\",\"projectId\":\"ivern-app\"}"}}
[warn] ⚠  functions: The Cloud Firestore emulator is not running, so calls to Firestore will affect production. {"metadata":{"emulator":{"name":"functions"},"message":"The Cloud Firestore emulator is not running, so calls to Firestore will affect production."}}
[debug] [2020-07-08T08:04:35.159Z] [worker-~diagnostic~-af4da5a7-27c7-403b-b5a1-d0fcd63ad6a1]: IDLE {"metadata":{"emulator":{"name":"functions"},"message":"[worker-~diagnostic~-af4da5a7-27c7-403b-b5a1-d0fcd63ad6a1]: IDLE"}}
[debug] [2020-07-08T08:05:06.490Z] File /home/yakir/Desktop/Web-Developing/ivern-app/functions/src/index.ts changed, reloading triggers {"metadata":{"emulator":{"name":"functions"},"message":"File /home/yakir/Desktop/Web-Developing/ivern-app/functions/src/index.ts changed, reloading triggers"}}
[debug] [2020-07-08T08:05:07.491Z] [worker-pool] Shutting down IDLE worker (~diagnostic~) {"metadata":{"emulator":{"name":"functions"},"message":"[worker-pool] Shutting down IDLE worker (~diagnostic~)"}}
[debug] [2020-07-08T08:05:07.492Z] [worker-~diagnostic~-af4da5a7-27c7-403b-b5a1-d0fcd63ad6a1]: FINISHING {"metadata":{"emulator":{"name":"functions"},"message":"[worker-~diagnostic~-af4da5a7-27c7-403b-b5a1-d0fcd63ad6a1]: FINISHING"}}
[debug] [2020-07-08T08:05:07.492Z] [worker-pool] Cleaned up workers for ~diagnostic~: 2 --> 1 {"metadata":{"emulator":{"name":"functions"},"message":"[worker-pool] Cleaned up workers for ~diagnostic~: 2 --> 1"}}
[debug] [2020-07-08T08:05:07.500Z] [worker-pool] addWorker(~diagnostic~) {"metadata":{"emulator":{"name":"functions"},"message":"[worker-pool] addWorker(~diagnostic~)"}}
[debug] [2020-07-08T08:05:07.501Z] [worker-pool] Adding worker with key ~diagnostic~, total=2 {"metadata":{"emulator":{"name":"functions"},"message":"[worker-pool] Adding worker with key ~diagnostic~, total=2"}}
[debug] [2020-07-08T08:05:07.501Z] [worker-pool] submitWork(triggerId=) {"metadata":{"emulator":{"name":"functions"},"message":"[worker-pool] submitWork(triggerId=)"}}
[debug] [2020-07-08T08:05:07.501Z] [worker-~diagnostic~-f0ed7fc9-97fc-41eb-8ac3-9f5cc0705b44]: Assigning socketPath: /tmp/fire_emu_15192.sock {"metadata":{"emulator":{"name":"functions"},"message":"[worker-~diagnostic~-f0ed7fc9-97fc-41eb-8ac3-9f5cc0705b44]: Assigning socketPath: /tmp/fire_emu_15192.sock"}}
[debug] [2020-07-08T08:05:07.502Z] [worker-~diagnostic~-f0ed7fc9-97fc-41eb-8ac3-9f5cc0705b44]: BUSY {"metadata":{"emulator":{"name":"functions"},"message":"[worker-~diagnostic~-f0ed7fc9-97fc-41eb-8ac3-9f5cc0705b44]: BUSY"}}
[debug] [2020-07-08T08:05:07.503Z] [worker-~diagnostic~-af4da5a7-27c7-403b-b5a1-d0fcd63ad6a1]: exited {"metadata":{"emulator":{"name":"functions"},"message":"[worker-~diagnostic~-af4da5a7-27c7-403b-b5a1-d0fcd63ad6a1]: exited"}}
[debug] [2020-07-08T08:05:07.503Z] [worker-~diagnostic~-af4da5a7-27c7-403b-b5a1-d0fcd63ad6a1]: FINISHED {"metadata":{"emulator":{"name":"functions"},"message":"[worker-~diagnostic~-af4da5a7-27c7-403b-b5a1-d0fcd63ad6a1]: FINISHED"}}
[debug] [2020-07-08T08:05:07.718Z] [runtime-status] [15192] Functions runtime initialized. {"cwd":"/home/yakir/Desktop/Web-Developing/ivern-app/functions","node_version":"12.10.0"} {"metadata":{"emulator":{"name":"functions"},"message":"[runtime-status] [15192] Functions runtime initialized. {\"cwd\":\"/home/yakir/Desktop/Web-Developing/ivern-app/functions\",\"node_version\":\"12.10.0\"}"}}
[debug] [2020-07-08T08:05:07.720Z] [runtime-status] [15192] Disabled runtime features: undefined {"metadata":{"emulator":{"name":"functions"},"message":"[runtime-status] [15192] Disabled runtime features: undefined"}}
[debug] [2020-07-08T08:05:07.722Z] [runtime-status] [15192] Resolved module firebase-admin {"declared":true,"installed":true,"version":"8.13.0","resolution":"/home/yakir/Desktop/Web-Developing/ivern-app/functions/node_modules/firebase-admin/lib/index.js"} {"metadata":{"emulator":{"name":"functions"},"message":"[runtime-status] [15192] Resolved module firebase-admin {\"declared\":true,\"installed\":true,\"version\":\"8.13.0\",\"resolution\":\"/home/yakir/Desktop/Web-Developing/ivern-app/functions/node_modules/firebase-admin/lib/index.js\"}"}}
[debug] [2020-07-08T08:05:07.723Z] [runtime-status] [15192] Resolved module firebase-functions {"declared":true,"installed":true,"version":"3.7.0","resolution":"/home/yakir/Desktop/Web-Developing/ivern-app/functions/node_modules/firebase-functions/lib/index.js"} {"metadata":{"emulator":{"name":"functions"},"message":"[runtime-status] [15192] Resolved module firebase-functions {\"declared\":true,\"installed\":true,\"version\":\"3.7.0\",\"resolution\":\"/home/yakir/Desktop/Web-Developing/ivern-app/functions/node_modules/firebase-functions/lib/index.js\"}"}}
[debug] [2020-07-08T08:05:07.725Z] [runtime-status] [15192] Outgoing network have been stubbed. [{"name":"http","status":"mocked"},{"name":"http","status":"mocked"},{"name":"https","status":"mocked"},{"name":"https","status":"mocked"},{"name":"net","status":"mocked"}] {"metadata":{"emulator":{"name":"functions"},"message":"[runtime-status] [15192] Outgoing network have been stubbed. [{\"name\":\"http\",\"status\":\"mocked\"},{\"name\":\"http\",\"status\":\"mocked\"},{\"name\":\"https\",\"status\":\"mocked\"},{\"name\":\"https\",\"status\":\"mocked\"},{\"name\":\"net\",\"status\":\"mocked\"}]"}}
[debug] [2020-07-08T08:05:07.725Z] [runtime-status] [15192] Resolved module firebase-functions {"declared":true,"installed":true,"version":"3.7.0","resolution":"/home/yakir/Desktop/Web-Developing/ivern-app/functions/node_modules/firebase-functions/lib/index.js"} {"metadata":{"emulator":{"name":"functions"},"message":"[runtime-status] [15192] Resolved module firebase-functions {\"declared\":true,\"installed\":true,\"version\":\"3.7.0\",\"resolution\":\"/home/yakir/Desktop/Web-Developing/ivern-app/functions/node_modules/firebase-functions/lib/index.js\"}"}}
[debug] [2020-07-08T08:05:07.753Z] [runtime-status] [15192] Checked functions.config() {"config":{}} {"metadata":{"emulator":{"name":"functions"},"message":"[runtime-status] [15192] Checked functions.config() {\"config\":{}}"}}
[debug] [2020-07-08T08:05:07.753Z] [runtime-status] [15192] firebase-functions has been stubbed. {"functionsResolution":{"declared":true,"installed":true,"version":"3.7.0","resolution":"/home/yakir/Desktop/Web-Developing/ivern-app/functions/node_modules/firebase-functions/lib/index.js"}} {"metadata":{"emulator":{"name":"functions"},"message":"[runtime-status] [15192] firebase-functions has been stubbed. {\"functionsResolution\":{\"declared\":true,\"installed\":true,\"version\":\"3.7.0\",\"resolution\":\"/home/yakir/Desktop/Web-Developing/ivern-app/functions/node_modules/firebase-functions/lib/index.js\"}}"}}
[debug] [2020-07-08T08:05:07.754Z] [runtime-status] [15192] Resolved module firebase-functions {"declared":true,"installed":true,"version":"3.7.0","resolution":"/home/yakir/Desktop/Web-Developing/ivern-app/functions/node_modules/firebase-functions/lib/index.js"} {"metadata":{"emulator":{"name":"functions"},"message":"[runtime-status] [15192] Resolved module firebase-functions {\"declared\":true,\"installed\":true,\"version\":\"3.7.0\",\"resolution\":\"/home/yakir/Desktop/Web-Developing/ivern-app/functions/node_modules/firebase-functions/lib/index.js\"}"}}
[debug] [2020-07-08T08:05:07.755Z] [runtime-status] [15192] Resolved module firebase-admin {"declared":true,"installed":true,"version":"8.13.0","resolution":"/home/yakir/Desktop/Web-Developing/ivern-app/functions/node_modules/firebase-admin/lib/index.js"} {"metadata":{"emulator":{"name":"functions"},"message":"[runtime-status] [15192] Resolved module firebase-admin {\"declared\":true,\"installed\":true,\"version\":\"8.13.0\",\"resolution\":\"/home/yakir/Desktop/Web-Developing/ivern-app/functions/node_modules/firebase-admin/lib/index.js\"}"}}
[debug] [2020-07-08T08:05:07.755Z] [runtime-status] [15192] Resolved module firebase-functions {"declared":true,"installed":true,"version":"3.7.0","resolution":"/home/yakir/Desktop/Web-Developing/ivern-app/functions/node_modules/firebase-functions/lib/index.js"} {"metadata":{"emulator":{"name":"functions"},"message":"[runtime-status] [15192] Resolved module firebase-functions {\"declared\":true,\"installed\":true,\"version\":\"3.7.0\",\"resolution\":\"/home/yakir/Desktop/Web-Developing/ivern-app/functions/node_modules/firebase-functions/lib/index.js\"}"}}
[debug] [2020-07-08T08:05:07.755Z] [runtime-status] [15192] firebase-admin has been stubbed. {"adminResolution":{"declared":true,"installed":true,"version":"8.13.0","resolution":"/home/yakir/Desktop/Web-Developing/ivern-app/functions/node_modules/firebase-admin/lib/index.js"}} {"metadata":{"emulator":{"name":"functions"},"message":"[runtime-status] [15192] firebase-admin has been stubbed. {\"adminResolution\":{\"declared\":true,\"installed\":true,\"version\":\"8.13.0\",\"resolution\":\"/home/yakir/Desktop/Web-Developing/ivern-app/functions/node_modules/firebase-admin/lib/index.js\"}}"}}
[debug] [2020-07-08T08:05:07.915Z] [runtime-status] [15192] initializeApp(DEFAULT) {"databaseURL":"https://ivern-app.firebaseio.com","storageBucket":"ivern-app.appspot.com","projectId":"ivern-app"} {"metadata":{"emulator":{"name":"functions"},"message":"[runtime-status] [15192] initializeApp(DEFAULT) {\"databaseURL\":\"https://ivern-app.firebaseio.com\",\"storageBucket\":\"ivern-app.appspot.com\",\"projectId\":\"ivern-app\"}"}}
[warn] ⚠  functions: The Cloud Firestore emulator is not running, so calls to Firestore will affect production. {"metadata":{"emulator":{"name":"functions"},"message":"The Cloud Firestore emulator is not running, so calls to Firestore will affect production."}}
[debug] [2020-07-08T08:05:08.078Z] [worker-~diagnostic~-f0ed7fc9-97fc-41eb-8ac3-9f5cc0705b44]: IDLE {"metadata":{"emulator":{"name":"functions"},"message":"[worker-~diagnostic~-f0ed7fc9-97fc-41eb-8ac3-9f5cc0705b44]: IDLE"}}
